{"/home/travis/build/npmtest/node-npmtest-codeceptjs/test.js":{"path":"/home/travis/build/npmtest/node-npmtest-codeceptjs/test.js","s":{"1":2,"2":2,"3":2,"4":2,"5":2,"6":2,"7":2,"8":1,"9":2,"10":2,"11":1,"12":1,"13":1,"14":1,"15":2,"16":2,"17":2,"18":2,"19":1,"20":1,"21":2,"22":2,"23":2,"24":1,"25":1,"26":1,"27":1,"28":1,"29":1,"30":1,"31":1,"32":1,"33":1,"34":1,"35":1,"36":1,"37":1,"38":1,"39":2,"40":2,"41":1,"42":2,"43":2,"44":1,"45":2,"46":2,"47":1,"48":2,"49":2,"50":1,"51":1,"52":1,"53":1,"54":1},"b":{"1":[2,1,1,1],"2":[1,1,1,1],"3":[1,1],"4":[1,1],"5":[1,1],"6":[1,1],"7":[1,1],"8":[1,1],"9":[1,1],"10":[1,1,1],"11":[1,1],"12":[1,1],"13":[1,1],"14":[1,1],"15":[1,1],"16":[1,1],"17":[1,1]},"f":{"1":2,"2":2,"3":2,"4":2,"5":2,"6":1,"7":1,"8":1,"9":2,"10":2,"11":2,"12":2,"13":1},"fnMap":{"1":{"name":"(anonymous_1)","line":12,"loc":{"start":{"line":12,"column":1},"end":{"line":12,"column":13}}},"2":{"name":"(anonymous_2)","line":19,"loc":{"start":{"line":19,"column":5},"end":{"line":19,"column":17}}},"3":{"name":"(anonymous_3)","line":23,"loc":{"start":{"line":23,"column":24},"end":{"line":23,"column":36}}},"4":{"name":"(anonymous_4)","line":61,"loc":{"start":{"line":61,"column":5},"end":{"line":61,"column":17}}},"5":{"name":"(anonymous_5)","line":82,"loc":{"start":{"line":82,"column":5},"end":{"line":82,"column":17}}},"6":{"name":"(anonymous_6)","line":91,"loc":{"start":{"line":91,"column":77},"end":{"line":94,"column":10}}},"7":{"name":"(anonymous_7)","line":112,"loc":{"start":{"line":112,"column":83},"end":{"line":115,"column":10}},"skip":true},"8":{"name":"(anonymous_8)","line":123,"loc":{"start":{"line":123,"column":77},"end":{"line":126,"column":10}},"skip":true},"9":{"name":"(anonymous_9)","line":139,"loc":{"start":{"line":139,"column":12},"end":{"line":139,"column":40}},"skip":true},"10":{"name":"(anonymous_10)","line":147,"loc":{"start":{"line":147,"column":77},"end":{"line":150,"column":10}},"skip":true},"11":{"name":"(anonymous_11)","line":158,"loc":{"start":{"line":158,"column":83},"end":{"line":161,"column":10}},"skip":true},"12":{"name":"(anonymous_12)","line":169,"loc":{"start":{"line":169,"column":79},"end":{"line":172,"column":10}},"skip":true},"13":{"name":"(anonymous_13)","line":180,"loc":{"start":{"line":180,"column":75},"end":{"line":183,"column":10}},"skip":true}},"statementMap":{"1":{"start":{"line":12,"column":0},"end":{"line":195,"column":5}},"2":{"start":{"line":14,"column":4},"end":{"line":14,"column":14}},"3":{"start":{"line":19,"column":4},"end":{"line":56,"column":9}},"4":{"start":{"line":21,"column":8},"end":{"line":21,"column":19}},"5":{"start":{"line":23,"column":8},"end":{"line":35,"column":13}},"6":{"start":{"line":24,"column":12},"end":{"line":34,"column":13}},"7":{"start":{"line":25,"column":16},"end":{"line":28,"column":30}},"8":{"start":{"line":30,"column":16},"end":{"line":33,"column":27}},"9":{"start":{"line":37,"column":8},"end":{"line":39,"column":21}},"10":{"start":{"line":40,"column":8},"end":{"line":53,"column":9}},"11":{"start":{"line":43,"column":12},"end":{"line":46,"column":14}},"12":{"start":{"line":47,"column":12},"end":{"line":47,"column":18}},"13":{"start":{"line":50,"column":12},"end":{"line":51,"column":46}},"14":{"start":{"line":52,"column":12},"end":{"line":52,"column":18}},"15":{"start":{"line":55,"column":8},"end":{"line":55,"column":35}},"16":{"start":{"line":61,"column":4},"end":{"line":63,"column":9}},"17":{"start":{"line":62,"column":8},"end":{"line":62,"column":15}},"18":{"start":{"line":64,"column":4},"end":{"line":77,"column":5}},"19":{"start":{"line":70,"column":8},"end":{"line":70,"column":14}},"20":{"start":{"line":76,"column":8},"end":{"line":76,"column":14}},"21":{"start":{"line":82,"column":4},"end":{"line":84,"column":9}},"22":{"start":{"line":83,"column":8},"end":{"line":83,"column":15}},"23":{"start":{"line":85,"column":4},"end":{"line":194,"column":5}},"24":{"start":{"line":91,"column":8},"end":{"line":99,"column":10}},"25":{"start":{"line":98,"column":12},"end":{"line":98,"column":35}},"26":{"start":{"line":102,"column":8},"end":{"line":104,"column":63}},"27":{"start":{"line":105,"column":8},"end":{"line":105,"column":14}},"28":{"start":{"line":112,"column":8},"end":{"line":121,"column":10},"skip":true},"29":{"start":{"line":119,"column":12},"end":{"line":119,"column":55},"skip":true},"30":{"start":{"line":120,"column":12},"end":{"line":120,"column":48},"skip":true},"31":{"start":{"line":123,"column":8},"end":{"line":136,"column":10},"skip":true},"32":{"start":{"line":130,"column":12},"end":{"line":130,"column":76},"skip":true},"33":{"start":{"line":131,"column":12},"end":{"line":131,"column":73},"skip":true},"34":{"start":{"line":132,"column":12},"end":{"line":132,"column":74},"skip":true},"35":{"start":{"line":133,"column":12},"end":{"line":133,"column":79},"skip":true},"36":{"start":{"line":134,"column":12},"end":{"line":134,"column":25},"skip":true},"37":{"start":{"line":135,"column":12},"end":{"line":135,"column":45},"skip":true},"38":{"start":{"line":138,"column":8},"end":{"line":145,"column":14},"skip":true},"39":{"start":{"line":143,"column":16},"end":{"line":143,"column":29},"skip":true},"40":{"start":{"line":144,"column":16},"end":{"line":144,"column":55},"skip":true},"41":{"start":{"line":147,"column":8},"end":{"line":156,"column":10},"skip":true},"42":{"start":{"line":154,"column":12},"end":{"line":154,"column":25},"skip":true},"43":{"start":{"line":155,"column":12},"end":{"line":155,"column":45},"skip":true},"44":{"start":{"line":158,"column":8},"end":{"line":167,"column":10},"skip":true},"45":{"start":{"line":165,"column":12},"end":{"line":165,"column":25},"skip":true},"46":{"start":{"line":166,"column":12},"end":{"line":166,"column":48},"skip":true},"47":{"start":{"line":169,"column":8},"end":{"line":178,"column":10},"skip":true},"48":{"start":{"line":176,"column":12},"end":{"line":176,"column":25},"skip":true},"49":{"start":{"line":177,"column":12},"end":{"line":177,"column":46},"skip":true},"50":{"start":{"line":180,"column":8},"end":{"line":189,"column":10},"skip":true},"51":{"start":{"line":187,"column":12},"end":{"line":187,"column":94},"skip":true},"52":{"start":{"line":188,"column":12},"end":{"line":188,"column":48},"skip":true},"53":{"start":{"line":192,"column":8},"end":{"line":192,"column":35},"skip":true},"54":{"start":{"line":193,"column":8},"end":{"line":193,"column":14},"skip":true}},"branchMap":{"1":{"line":25,"type":"binary-expr","locations":[{"start":{"line":25,"column":23},"end":{"line":25,"column":62}},{"start":{"line":26,"column":20},"end":{"line":26,"column":70}},{"start":{"line":27,"column":20},"end":{"line":27,"column":71}},{"start":{"line":28,"column":20},"end":{"line":28,"column":29}}]},"2":{"line":30,"type":"binary-expr","locations":[{"start":{"line":30,"column":23},"end":{"line":30,"column":37}},{"start":{"line":31,"column":20},"end":{"line":31,"column":61}},{"start":{"line":32,"column":20},"end":{"line":32,"column":70}},{"start":{"line":33,"column":20},"end":{"line":33,"column":26}}]},"3":{"line":37,"type":"cond-expr","locations":[{"start":{"line":38,"column":14},"end":{"line":38,"column":20}},{"start":{"line":39,"column":14},"end":{"line":39,"column":20}}]},"4":{"line":40,"type":"switch","locations":[{"start":{"line":42,"column":8},"end":{"line":47,"column":18}},{"start":{"line":49,"column":8},"end":{"line":52,"column":18}}]},"5":{"line":44,"type":"binary-expr","locations":[{"start":{"line":44,"column":16},"end":{"line":44,"column":44}},{"start":{"line":44,"column":48},"end":{"line":44,"column":66}}]},"6":{"line":50,"type":"binary-expr","locations":[{"start":{"line":50,"column":21},"end":{"line":50,"column":49}},{"start":{"line":50,"column":53},"end":{"line":50,"column":72}}]},"7":{"line":64,"type":"switch","locations":[{"start":{"line":69,"column":4},"end":{"line":70,"column":14}},{"start":{"line":75,"column":4},"end":{"line":76,"column":14}}]},"8":{"line":85,"type":"switch","locations":[{"start":{"line":90,"column":4},"end":{"line":105,"column":14}},{"start":{"line":111,"column":4},"end":{"line":193,"column":14},"skip":true}]},"9":{"line":91,"type":"binary-expr","locations":[{"start":{"line":91,"column":42},"end":{"line":91,"column":73}},{"start":{"line":91,"column":77},"end":{"line":99,"column":9}}]},"10":{"line":102,"type":"binary-expr","locations":[{"start":{"line":102,"column":18},"end":{"line":102,"column":32}},{"start":{"line":103,"column":12},"end":{"line":103,"column":53}},{"start":{"line":104,"column":12},"end":{"line":104,"column":61}}]},"11":{"line":112,"type":"binary-expr","locations":[{"start":{"line":112,"column":45},"end":{"line":112,"column":79},"skip":true},{"start":{"line":112,"column":83},"end":{"line":121,"column":9},"skip":true}]},"12":{"line":123,"type":"binary-expr","locations":[{"start":{"line":123,"column":42},"end":{"line":123,"column":73},"skip":true},{"start":{"line":123,"column":77},"end":{"line":136,"column":9},"skip":true}]},"13":{"line":138,"type":"binary-expr","locations":[{"start":{"line":138,"column":48},"end":{"line":138,"column":85},"skip":true},{"start":{"line":139,"column":12},"end":{"line":145,"column":13},"skip":true}]},"14":{"line":147,"type":"binary-expr","locations":[{"start":{"line":147,"column":42},"end":{"line":147,"column":73},"skip":true},{"start":{"line":147,"column":77},"end":{"line":156,"column":9},"skip":true}]},"15":{"line":158,"type":"binary-expr","locations":[{"start":{"line":158,"column":45},"end":{"line":158,"column":79},"skip":true},{"start":{"line":158,"column":83},"end":{"line":167,"column":9},"skip":true}]},"16":{"line":169,"type":"binary-expr","locations":[{"start":{"line":169,"column":43},"end":{"line":169,"column":75},"skip":true},{"start":{"line":169,"column":79},"end":{"line":178,"column":9},"skip":true}]},"17":{"line":180,"type":"binary-expr","locations":[{"start":{"line":180,"column":41},"end":{"line":180,"column":71},"skip":true},{"start":{"line":180,"column":75},"end":{"line":189,"column":9},"skip":true}]}},"code":["/* istanbul instrument in package npmtest_codeceptjs */","/*jslint","    bitwise: true,","    browser: true,","    maxerr: 8,","    maxlen: 96,","    node: true,","    nomen: true,","    regexp: true,","    stupid: true","*/","(function () {","    'use strict';","    var local;","","","","    // run shared js-env code - pre-init","    (function () {","        // init local","        local = {};","        // init modeJs","        local.modeJs = (function () {","            try {","                return typeof navigator.userAgent === 'string' &&","                    typeof document.querySelector('body') === 'object' &&","                    typeof XMLHttpRequest.prototype.open === 'function' &&","                    'browser';","            } catch (errorCaughtBrowser) {","                return module.exports &&","                    typeof process.versions.node === 'string' &&","                    typeof require('http').createServer === 'function' &&","                    'node';","            }","        }());","        // init global","        local.global = local.modeJs === 'browser'","            ? window","            : global;","        switch (local.modeJs) {","        // re-init local from window.local","        case 'browser':","            local = local.global.utility2.objectSetDefault(","                local.global.utility2_rollup || local.global.local,","                local.global.utility2","            );","            break;","        // re-init local from example.js","        case 'node':","            local = (local.global.utility2_rollup || require('utility2'))","                .requireExampleJsFromReadme();","            break;","        }","        // export local","        local.global.local = local;","    }());","","","","    // run shared js-env code - function","    (function () {","        return;","    }());","    switch (local.modeJs) {","","","","    // run browser js-env code - function","    case 'browser':","        break;","","","","    // run node js-env code - function","    case 'node':","        break;","    }","","","","    // run shared js-env code - post-init","    (function () {","        return;","    }());","    switch (local.modeJs) {","","","","    // run browser js-env code - post-init","    case 'browser':","        local.testCase_browser_nullCase = local.testCase_browser_nullCase || function (","            options,","            onError","        ) {","        /*","         * this function will test browsers's null-case handling-behavior-behavior","         */","            onError(null, options);","        };","","        // run tests","        local.nop(local.modeTest &&","            document.querySelector('#testRunButton1') &&","            document.querySelector('#testRunButton1').click());","        break;","","","","    // run node js-env code - post-init","    /* istanbul ignore next */","    case 'node':","        local.testCase_buildApidoc_default = local.testCase_buildApidoc_default || function (","            options,","            onError","        ) {","        /*","         * this function will test buildApidoc's default handling-behavior-behavior","         */","            options = { modulePathList: module.paths };","            local.buildApidoc(options, onError);","        };","","        local.testCase_buildApp_default = local.testCase_buildApp_default || function (","            options,","            onError","        ) {","        /*","         * this function will test buildApp's default handling-behavior-behavior","         */","            local.testCase_buildReadme_default(options, local.onErrorThrow);","            local.testCase_buildLib_default(options, local.onErrorThrow);","            local.testCase_buildTest_default(options, local.onErrorThrow);","            local.testCase_buildCustomOrg_default(options, local.onErrorThrow);","            options = [];","            local.buildApp(options, onError);","        };","","        local.testCase_buildCustomOrg_default = local.testCase_buildCustomOrg_default ||","            function (options, onError) {","            /*","             * this function will test buildCustomOrg's default handling-behavior","             */","                options = {};","                local.buildCustomOrg(options, onError);","            };","","        local.testCase_buildLib_default = local.testCase_buildLib_default || function (","            options,","            onError","        ) {","        /*","         * this function will test buildLib's default handling-behavior","         */","            options = {};","            local.buildLib(options, onError);","        };","","        local.testCase_buildReadme_default = local.testCase_buildReadme_default || function (","            options,","            onError","        ) {","        /*","         * this function will test buildReadme's default handling-behavior-behavior","         */","            options = {};","            local.buildReadme(options, onError);","        };","","        local.testCase_buildTest_default = local.testCase_buildTest_default || function (","            options,","            onError","        ) {","        /*","         * this function will test buildTest's default handling-behavior","         */","            options = {};","            local.buildTest(options, onError);","        };","","        local.testCase_webpage_default = local.testCase_webpage_default || function (","            options,","            onError","        ) {","        /*","         * this function will test webpage's default handling-behavior","         */","            options = { modeCoverageMerge: true, url: local.serverLocalHost + '?modeTest=1' };","            local.browserTest(options, onError);","        };","","        // run test-server","        local.testRunServer(local);","        break;","    }","}());",""],"l":{"12":2,"14":2,"19":2,"21":2,"23":2,"24":2,"25":2,"30":1,"37":2,"40":2,"43":1,"47":1,"50":1,"52":1,"55":2,"61":2,"62":2,"64":2,"70":1,"76":1,"82":2,"83":2,"85":2,"91":1,"98":1,"102":1,"105":1,"112":1,"119":1,"120":1,"123":1,"130":1,"131":1,"132":1,"133":1,"134":1,"135":1,"138":1,"143":2,"144":2,"147":1,"154":2,"155":2,"158":1,"165":2,"166":2,"169":1,"176":2,"177":2,"180":1,"187":1,"188":1,"192":1,"193":1}},"/home/travis/build/npmtest/node-npmtest-codeceptjs/lib.npmtest_codeceptjs.js":{"path":"/home/travis/build/npmtest/node-npmtest-codeceptjs/lib.npmtest_codeceptjs.js","s":{"1":2,"2":2,"3":2,"4":2,"5":2,"6":2,"7":2,"8":1,"9":2,"10":2,"11":2,"12":2,"13":1,"14":1,"15":1,"16":1},"b":{"1":[2,1,1,1],"2":[1,1,1,1],"3":[1,1],"4":[2,2],"5":[1,1]},"f":{"1":2,"2":2,"3":2},"fnMap":{"1":{"name":"(anonymous_1)","line":12,"loc":{"start":{"line":12,"column":1},"end":{"line":12,"column":13}}},"2":{"name":"(anonymous_2)","line":19,"loc":{"start":{"line":19,"column":5},"end":{"line":19,"column":17}}},"3":{"name":"(anonymous_3)","line":23,"loc":{"start":{"line":23,"column":24},"end":{"line":23,"column":36}}}},"statementMap":{"1":{"start":{"line":12,"column":0},"end":{"line":53,"column":5}},"2":{"start":{"line":14,"column":4},"end":{"line":14,"column":14}},"3":{"start":{"line":19,"column":4},"end":{"line":52,"column":9}},"4":{"start":{"line":21,"column":8},"end":{"line":21,"column":19}},"5":{"start":{"line":23,"column":8},"end":{"line":35,"column":13}},"6":{"start":{"line":24,"column":12},"end":{"line":34,"column":13}},"7":{"start":{"line":25,"column":16},"end":{"line":28,"column":30}},"8":{"start":{"line":30,"column":16},"end":{"line":33,"column":27}},"9":{"start":{"line":37,"column":8},"end":{"line":39,"column":21}},"10":{"start":{"line":41,"column":8},"end":{"line":41,"column":54}},"11":{"start":{"line":43,"column":8},"end":{"line":43,"column":55}},"12":{"start":{"line":45,"column":8},"end":{"line":51,"column":9}},"13":{"start":{"line":46,"column":12},"end":{"line":46,"column":61}},"14":{"start":{"line":48,"column":12},"end":{"line":48,"column":35}},"15":{"start":{"line":49,"column":12},"end":{"line":49,"column":49}},"16":{"start":{"line":50,"column":12},"end":{"line":50,"column":43}}},"branchMap":{"1":{"line":25,"type":"binary-expr","locations":[{"start":{"line":25,"column":23},"end":{"line":25,"column":62}},{"start":{"line":26,"column":20},"end":{"line":26,"column":70}},{"start":{"line":27,"column":20},"end":{"line":27,"column":71}},{"start":{"line":28,"column":20},"end":{"line":28,"column":29}}]},"2":{"line":30,"type":"binary-expr","locations":[{"start":{"line":30,"column":23},"end":{"line":30,"column":37}},{"start":{"line":31,"column":20},"end":{"line":31,"column":61}},{"start":{"line":32,"column":20},"end":{"line":32,"column":70}},{"start":{"line":33,"column":20},"end":{"line":33,"column":26}}]},"3":{"line":37,"type":"cond-expr","locations":[{"start":{"line":38,"column":14},"end":{"line":38,"column":20}},{"start":{"line":39,"column":14},"end":{"line":39,"column":20}}]},"4":{"line":41,"type":"binary-expr","locations":[{"start":{"line":41,"column":16},"end":{"line":41,"column":44}},{"start":{"line":41,"column":48},"end":{"line":41,"column":53}}]},"5":{"line":45,"type":"if","locations":[{"start":{"line":45,"column":8},"end":{"line":45,"column":8}},{"start":{"line":45,"column":8},"end":{"line":45,"column":8}}]}},"code":["/* istanbul instrument in package npmtest_codeceptjs */","/*jslint","    bitwise: true,","    browser: true,","    maxerr: 8,","    maxlen: 96,","    node: true,","    nomen: true,","    regexp: true,","    stupid: true","*/","(function () {","    'use strict';","    var local;","","","","    // run shared js-env code - pre-init","    (function () {","        // init local","        local = {};","        // init modeJs","        local.modeJs = (function () {","            try {","                return typeof navigator.userAgent === 'string' &&","                    typeof document.querySelector('body') === 'object' &&","                    typeof XMLHttpRequest.prototype.open === 'function' &&","                    'browser';","            } catch (errorCaughtBrowser) {","                return module.exports &&","                    typeof process.versions.node === 'string' &&","                    typeof require('http').createServer === 'function' &&","                    'node';","            }","        }());","        // init global","        local.global = local.modeJs === 'browser'","            ? window","            : global;","        // init utility2_rollup","        local = local.global.utility2_rollup || local;","        // init lib","        local.local = local.npmtest_codeceptjs = local;","        // init exports","        if (local.modeJs === 'browser') {","            local.global.utility2_npmtest_codeceptjs = local;","        } else {","            module.exports = local;","            module.exports.__dirname = __dirname;","            module.exports.module = module;","        }","    }());","}());",""],"l":{"12":2,"14":2,"19":2,"21":2,"23":2,"24":2,"25":2,"30":1,"37":2,"41":2,"43":2,"45":2,"46":1,"48":1,"49":1,"50":1}},"/home/travis/build/npmtest/node-npmtest-codeceptjs/example.js":{"path":"/home/travis/build/npmtest/node-npmtest-codeceptjs/example.js","s":{"1":2,"2":2,"3":2,"4":2,"5":2,"6":2,"7":2,"8":1,"9":2,"10":2,"11":2,"12":2,"13":1,"14":2,"15":2,"16":2,"17":2,"18":2,"19":0,"20":2,"21":1,"22":1,"23":1,"24":1,"25":1,"26":0,"27":0,"28":1,"29":1,"30":2,"31":0,"32":0,"33":0,"34":1,"35":2,"36":2,"37":3,"38":3,"39":3,"40":3,"41":0,"42":3,"43":3,"44":3,"45":1,"46":3,"47":1,"48":1,"49":1,"50":1,"51":1,"52":1,"53":1,"54":1,"55":1,"56":1,"57":0,"58":1,"59":6,"60":6,"61":1,"62":2,"63":0,"64":2,"65":1,"66":1,"67":0,"68":0,"69":0,"70":0,"71":0,"72":0,"73":0,"74":0,"75":0,"76":0,"77":0,"78":0,"79":0,"80":0,"81":0,"82":0,"83":0},"b":{"1":[2,1,1,1],"2":[1,1,1,1],"3":[1,1],"4":[2,2],"5":[1,1],"6":[1,1],"7":[2,0],"8":[2,1,1,1,1,1],"9":[0,2,0],"10":[1,1],"11":[2,1,1],"12":[1,0],"13":[0,2],"14":[2,0,0,0,0,0,0],"15":[0,3],"16":[3,0],"17":[1,1],"18":[0,1],"19":[1,2,0,2],"20":[1,0],"21":[1,1],"22":[0,0],"23":[0,0],"24":[0,0],"25":[0,0],"26":[0,0],"27":[0,0],"28":[0,0]},"f":{"1":2,"2":2,"3":2,"4":2,"5":2,"6":2,"7":3,"8":3,"9":3,"10":1,"11":6,"12":0},"fnMap":{"1":{"name":"(anonymous_1)","line":26,"loc":{"start":{"line":26,"column":1},"end":{"line":26,"column":13}}},"2":{"name":"(anonymous_2)","line":33,"loc":{"start":{"line":33,"column":5},"end":{"line":33,"column":17}}},"3":{"name":"(anonymous_3)","line":37,"loc":{"start":{"line":37,"column":24},"end":{"line":37,"column":36}}},"4":{"name":"(anonymous_4)","line":69,"loc":{"start":{"line":69,"column":31},"end":{"line":69,"column":48}},"skip":true},"5":{"name":"(anonymous_5)","line":78,"loc":{"start":{"line":78,"column":26},"end":{"line":78,"column":45}},"skip":true},"6":{"name":"(anonymous_6)","line":123,"loc":{"start":{"line":123,"column":33},"end":{"line":123,"column":48}},"skip":true},"7":{"name":"(anonymous_7)","line":125,"loc":{"start":{"line":125,"column":27},"end":{"line":125,"column":39}},"skip":true},"8":{"name":"(anonymous_8)","line":133,"loc":{"start":{"line":133,"column":59},"end":{"line":133,"column":74}},"skip":true},"9":{"name":"(anonymous_9)","line":143,"loc":{"start":{"line":143,"column":45},"end":{"line":143,"column":62}},"skip":true},"10":{"name":"(anonymous_10)","line":144,"loc":{"start":{"line":144,"column":73},"end":{"line":144,"column":92}},"skip":true},"11":{"name":"(anonymous_11)","line":272,"loc":{"start":{"line":272,"column":51},"end":{"line":272,"column":77}},"skip":true},"12":{"name":"(anonymous_12)","line":315,"loc":{"start":{"line":315,"column":32},"end":{"line":315,"column":61}},"skip":true}},"statementMap":{"1":{"start":{"line":26,"column":0},"end":{"line":326,"column":5}},"2":{"start":{"line":28,"column":4},"end":{"line":28,"column":14}},"3":{"start":{"line":33,"column":4},"end":{"line":60,"column":9}},"4":{"start":{"line":35,"column":8},"end":{"line":35,"column":19}},"5":{"start":{"line":37,"column":8},"end":{"line":49,"column":13}},"6":{"start":{"line":38,"column":12},"end":{"line":48,"column":13}},"7":{"start":{"line":39,"column":16},"end":{"line":42,"column":30}},"8":{"start":{"line":44,"column":16},"end":{"line":47,"column":27}},"9":{"start":{"line":51,"column":8},"end":{"line":53,"column":21}},"10":{"start":{"line":55,"column":8},"end":{"line":57,"column":45}},"11":{"start":{"line":59,"column":8},"end":{"line":59,"column":35}},"12":{"start":{"line":61,"column":4},"end":{"line":325,"column":5}},"13":{"start":{"line":69,"column":8},"end":{"line":121,"column":10},"skip":true},"14":{"start":{"line":70,"column":12},"end":{"line":88,"column":13},"skip":true},"15":{"start":{"line":76,"column":16},"end":{"line":87,"column":19},"skip":true},"16":{"start":{"line":79,"column":20},"end":{"line":86,"column":21},"skip":true},"17":{"start":{"line":82,"column":24},"end":{"line":82,"column":43},"skip":true},"18":{"start":{"line":83,"column":24},"end":{"line":83,"column":30},"skip":true},"19":{"start":{"line":85,"column":24},"end":{"line":85,"column":49},"skip":true},"20":{"start":{"line":89,"column":12},"end":{"line":107,"column":13},"skip":true},"21":{"start":{"line":92,"column":16},"end":{"line":102,"column":17},"skip":true},"22":{"start":{"line":93,"column":20},"end":{"line":93,"column":86},"skip":true},"23":{"start":{"line":94,"column":20},"end":{"line":95,"column":45},"skip":true},"24":{"start":{"line":96,"column":20},"end":{"line":96,"column":42},"skip":true},"25":{"start":{"line":97,"column":20},"end":{"line":97,"column":48},"skip":true},"26":{"start":{"line":100,"column":20},"end":{"line":100,"column":85},"skip":true},"27":{"start":{"line":101,"column":20},"end":{"line":101,"column":96},"skip":true},"28":{"start":{"line":103,"column":16},"end":{"line":103,"column":22},"skip":true},"29":{"start":{"line":106,"column":16},"end":{"line":106,"column":22},"skip":true},"30":{"start":{"line":108,"column":12},"end":{"line":120,"column":13},"skip":true},"31":{"start":{"line":114,"column":16},"end":{"line":119,"column":17},"skip":true},"32":{"start":{"line":116,"column":20},"end":{"line":116,"column":78},"skip":true},"33":{"start":{"line":118,"column":20},"end":{"line":118,"column":47},"skip":true},"34":{"start":{"line":123,"column":8},"end":{"line":141,"column":11},"skip":true},"35":{"start":{"line":124,"column":12},"end":{"line":124,"column":54},"skip":true},"36":{"start":{"line":125,"column":12},"end":{"line":140,"column":14},"skip":true},"37":{"start":{"line":126,"column":16},"end":{"line":126,"column":28},"skip":true},"38":{"start":{"line":127,"column":16},"end":{"line":127,"column":69},"skip":true},"39":{"start":{"line":128,"column":16},"end":{"line":128,"column":75},"skip":true},"40":{"start":{"line":129,"column":16},"end":{"line":131,"column":17},"skip":true},"41":{"start":{"line":130,"column":20},"end":{"line":130,"column":27},"skip":true},"42":{"start":{"line":133,"column":16},"end":{"line":137,"column":36},"skip":true},"43":{"start":{"line":134,"column":20},"end":{"line":136,"column":55},"skip":true},"44":{"start":{"line":139,"column":16},"end":{"line":139,"column":57},"skip":true},"45":{"start":{"line":143,"column":8},"end":{"line":147,"column":11},"skip":true},"46":{"start":{"line":144,"column":12},"end":{"line":146,"column":15},"skip":true},"47":{"start":{"line":145,"column":16},"end":{"line":145,"column":70},"skip":true},"48":{"start":{"line":149,"column":8},"end":{"line":149,"column":31},"skip":true},"49":{"start":{"line":150,"column":8},"end":{"line":150,"column":14},"skip":true},"50":{"start":{"line":158,"column":8},"end":{"line":158,"column":31},"skip":true},"51":{"start":{"line":160,"column":8},"end":{"line":160,"column":33},"skip":true},"52":{"start":{"line":161,"column":8},"end":{"line":161,"column":37},"skip":true},"53":{"start":{"line":162,"column":8},"end":{"line":162,"column":35},"skip":true},"54":{"start":{"line":164,"column":8},"end":{"line":164,"column":50},"skip":true},"55":{"start":{"line":166,"column":8},"end":{"line":256,"column":2},"skip":true},"56":{"start":{"line":258,"column":8},"end":{"line":286,"column":9},"skip":true},"57":{"start":{"line":259,"column":12},"end":{"line":269,"column":14},"skip":true},"58":{"start":{"line":271,"column":12},"end":{"line":285,"column":19},"skip":true},"59":{"start":{"line":274,"column":20},"end":{"line":274,"column":35},"skip":true},"60":{"start":{"line":275,"column":20},"end":{"line":284,"column":21},"skip":true},"61":{"start":{"line":277,"column":24},"end":{"line":277,"column":64},"skip":true},"62":{"start":{"line":279,"column":24},"end":{"line":279,"column":40},"skip":true},"63":{"start":{"line":281,"column":24},"end":{"line":281,"column":40},"skip":true},"64":{"start":{"line":283,"column":24},"end":{"line":283,"column":39},"skip":true},"65":{"start":{"line":288,"column":8},"end":{"line":290,"column":9},"skip":true},"66":{"start":{"line":289,"column":12},"end":{"line":289,"column":18},"skip":true},"67":{"start":{"line":291,"column":8},"end":{"line":293,"column":54},"skip":true},"68":{"start":{"line":296,"column":8},"end":{"line":301,"column":37},"skip":true},"69":{"start":{"line":303,"column":8},"end":{"line":303,"column":82},"skip":true},"70":{"start":{"line":306,"column":8},"end":{"line":308,"column":9},"skip":true},"71":{"start":{"line":307,"column":12},"end":{"line":307,"column":82},"skip":true},"72":{"start":{"line":310,"column":8},"end":{"line":312,"column":9},"skip":true},"73":{"start":{"line":311,"column":12},"end":{"line":311,"column":18},"skip":true},"74":{"start":{"line":313,"column":8},"end":{"line":313,"column":54},"skip":true},"75":{"start":{"line":314,"column":8},"end":{"line":314,"column":69},"skip":true},"76":{"start":{"line":315,"column":8},"end":{"line":323,"column":36},"skip":true},"77":{"start":{"line":316,"column":12},"end":{"line":316,"column":61},"skip":true},"78":{"start":{"line":317,"column":12},"end":{"line":320,"column":13},"skip":true},"79":{"start":{"line":318,"column":16},"end":{"line":318,"column":75},"skip":true},"80":{"start":{"line":319,"column":16},"end":{"line":319,"column":23},"skip":true},"81":{"start":{"line":321,"column":12},"end":{"line":321,"column":38},"skip":true},"82":{"start":{"line":322,"column":12},"end":{"line":322,"column":27},"skip":true},"83":{"start":{"line":324,"column":8},"end":{"line":324,"column":14},"skip":true}},"branchMap":{"1":{"line":39,"type":"binary-expr","locations":[{"start":{"line":39,"column":23},"end":{"line":39,"column":62}},{"start":{"line":40,"column":20},"end":{"line":40,"column":70}},{"start":{"line":41,"column":20},"end":{"line":41,"column":71}},{"start":{"line":42,"column":20},"end":{"line":42,"column":29}}]},"2":{"line":44,"type":"binary-expr","locations":[{"start":{"line":44,"column":23},"end":{"line":44,"column":37}},{"start":{"line":45,"column":20},"end":{"line":45,"column":61}},{"start":{"line":46,"column":20},"end":{"line":46,"column":70}},{"start":{"line":47,"column":20},"end":{"line":47,"column":26}}]},"3":{"line":51,"type":"cond-expr","locations":[{"start":{"line":52,"column":14},"end":{"line":52,"column":20}},{"start":{"line":53,"column":14},"end":{"line":53,"column":20}}]},"4":{"line":55,"type":"binary-expr","locations":[{"start":{"line":55,"column":16},"end":{"line":55,"column":44}},{"start":{"line":55,"column":49},"end":{"line":57,"column":43}}]},"5":{"line":55,"type":"cond-expr","locations":[{"start":{"line":56,"column":14},"end":{"line":56,"column":54}},{"start":{"line":57,"column":14},"end":{"line":57,"column":43}}]},"6":{"line":61,"type":"switch","locations":[{"start":{"line":68,"column":4},"end":{"line":150,"column":14},"skip":true},{"start":{"line":156,"column":4},"end":{"line":324,"column":14},"skip":true}]},"7":{"line":70,"type":"if","locations":[{"start":{"line":70,"column":12},"end":{"line":70,"column":12},"skip":true},{"start":{"line":70,"column":12},"end":{"line":70,"column":12},"skip":true}]},"8":{"line":70,"type":"binary-expr","locations":[{"start":{"line":70,"column":16},"end":{"line":70,"column":22},"skip":true},{"start":{"line":70,"column":27},"end":{"line":70,"column":32},"skip":true},{"start":{"line":71,"column":20},"end":{"line":71,"column":39},"skip":true},{"start":{"line":72,"column":20},"end":{"line":72,"column":49},"skip":true},{"start":{"line":73,"column":20},"end":{"line":73,"column":58},"skip":true},{"start":{"line":74,"column":20},"end":{"line":74,"column":69},"skip":true}]},"9":{"line":79,"type":"switch","locations":[{"start":{"line":80,"column":20},"end":{"line":80,"column":33},"skip":true},{"start":{"line":81,"column":20},"end":{"line":83,"column":30},"skip":true},{"start":{"line":84,"column":20},"end":{"line":85,"column":49},"skip":true}]},"10":{"line":89,"type":"switch","locations":[{"start":{"line":90,"column":12},"end":{"line":103,"column":22},"skip":true},{"start":{"line":105,"column":12},"end":{"line":106,"column":22},"skip":true}]},"11":{"line":89,"type":"binary-expr","locations":[{"start":{"line":89,"column":20},"end":{"line":89,"column":25},"skip":true},{"start":{"line":89,"column":29},"end":{"line":89,"column":48},"skip":true},{"start":{"line":89,"column":52},"end":{"line":89,"column":74},"skip":true}]},"12":{"line":92,"type":"if","locations":[{"start":{"line":92,"column":16},"end":{"line":92,"column":16},"skip":true},{"start":{"line":92,"column":16},"end":{"line":92,"column":16},"skip":true}]},"13":{"line":108,"type":"if","locations":[{"start":{"line":108,"column":12},"end":{"line":108,"column":12},"skip":true},{"start":{"line":108,"column":12},"end":{"line":108,"column":12},"skip":true}]},"14":{"line":108,"type":"binary-expr","locations":[{"start":{"line":108,"column":16},"end":{"line":108,"column":61},"skip":true},{"start":{"line":108,"column":66},"end":{"line":108,"column":72},"skip":true},{"start":{"line":108,"column":77},"end":{"line":108,"column":82},"skip":true},{"start":{"line":109,"column":20},"end":{"line":109,"column":39},"skip":true},{"start":{"line":110,"column":20},"end":{"line":110,"column":49},"skip":true},{"start":{"line":111,"column":20},"end":{"line":111,"column":58},"skip":true},{"start":{"line":112,"column":20},"end":{"line":112,"column":68},"skip":true}]},"15":{"line":129,"type":"if","locations":[{"start":{"line":129,"column":16},"end":{"line":129,"column":16},"skip":true},{"start":{"line":129,"column":16},"end":{"line":129,"column":16},"skip":true}]},"16":{"line":134,"type":"cond-expr","locations":[{"start":{"line":135,"column":26},"end":{"line":135,"column":29},"skip":true},{"start":{"line":136,"column":26},"end":{"line":136,"column":54},"skip":true}]},"17":{"line":164,"type":"binary-expr","locations":[{"start":{"line":164,"column":27},"end":{"line":164,"column":43},"skip":true},{"start":{"line":164,"column":47},"end":{"line":164,"column":49},"skip":true}]},"18":{"line":258,"type":"if","locations":[{"start":{"line":258,"column":8},"end":{"line":258,"column":8},"skip":true},{"start":{"line":258,"column":8},"end":{"line":258,"column":8},"skip":true}]},"19":{"line":275,"type":"switch","locations":[{"start":{"line":276,"column":20},"end":{"line":277,"column":64},"skip":true},{"start":{"line":278,"column":20},"end":{"line":279,"column":40},"skip":true},{"start":{"line":280,"column":20},"end":{"line":281,"column":40},"skip":true},{"start":{"line":282,"column":20},"end":{"line":283,"column":39},"skip":true}]},"20":{"line":288,"type":"if","locations":[{"start":{"line":288,"column":8},"end":{"line":288,"column":8},"skip":true},{"start":{"line":288,"column":8},"end":{"line":288,"column":8},"skip":true}]},"21":{"line":288,"type":"binary-expr","locations":[{"start":{"line":288,"column":12},"end":{"line":288,"column":40},"skip":true},{"start":{"line":288,"column":44},"end":{"line":288,"column":67},"skip":true}]},"22":{"line":292,"type":"binary-expr","locations":[{"start":{"line":292,"column":12},"end":{"line":292,"column":50},"skip":true},{"start":{"line":293,"column":12},"end":{"line":293,"column":53},"skip":true}]},"23":{"line":297,"type":"binary-expr","locations":[{"start":{"line":297,"column":12},"end":{"line":297,"column":68},"skip":true},{"start":{"line":298,"column":12},"end":{"line":301,"column":36},"skip":true}]},"24":{"line":303,"type":"binary-expr","locations":[{"start":{"line":303,"column":43},"end":{"line":303,"column":75},"skip":true},{"start":{"line":303,"column":79},"end":{"line":303,"column":81},"skip":true}]},"25":{"line":306,"type":"if","locations":[{"start":{"line":306,"column":8},"end":{"line":306,"column":8},"skip":true},{"start":{"line":306,"column":8},"end":{"line":306,"column":8},"skip":true}]},"26":{"line":310,"type":"if","locations":[{"start":{"line":310,"column":8},"end":{"line":310,"column":8},"skip":true},{"start":{"line":310,"column":8},"end":{"line":310,"column":8},"skip":true}]},"27":{"line":313,"type":"binary-expr","locations":[{"start":{"line":313,"column":27},"end":{"line":313,"column":43},"skip":true},{"start":{"line":313,"column":47},"end":{"line":313,"column":53},"skip":true}]},"28":{"line":317,"type":"if","locations":[{"start":{"line":317,"column":12},"end":{"line":317,"column":12},"skip":true},{"start":{"line":317,"column":12},"end":{"line":317,"column":12},"skip":true}]}},"code":["/*","example.js","","quickstart example","","instruction","    1. save this script as example.js","    2. run the shell command:","        $ npm install npmtest-codeceptjs && PORT=8081 node example.js","    3. play with the browser-demo on http://127.0.0.1:8081","*/","","","","/* istanbul instrument in package npmtest_codeceptjs */","/*jslint","    bitwise: true,","    browser: true,","    maxerr: 8,","    maxlen: 96,","    node: true,","    nomen: true,","    regexp: true,","    stupid: true","*/","(function () {","    'use strict';","    var local;","","","","    // run shared js-env code - pre-init","    (function () {","        // init local","        local = {};","        // init modeJs","        local.modeJs = (function () {","            try {","                return typeof navigator.userAgent === 'string' &&","                    typeof document.querySelector('body') === 'object' &&","                    typeof XMLHttpRequest.prototype.open === 'function' &&","                    'browser';","            } catch (errorCaughtBrowser) {","                return module.exports &&","                    typeof process.versions.node === 'string' &&","                    typeof require('http').createServer === 'function' &&","                    'node';","            }","        }());","        // init global","        local.global = local.modeJs === 'browser'","            ? window","            : global;","        // init utility2_rollup","        local = local.global.utility2_rollup || (local.modeJs === 'browser'","            ? local.global.utility2_npmtest_codeceptjs","            : global.utility2_moduleExports);","        // export local","        local.global.local = local;","    }());","    switch (local.modeJs) {","","","","    // post-init","    // run browser js-env code - post-init","    /* istanbul ignore next */","    case 'browser':","        local.testRunBrowser = function (event) {","            if (!event || (event &&","                    event.currentTarget &&","                    event.currentTarget.className &&","                    event.currentTarget.className.includes &&","                    event.currentTarget.className.includes('onreset'))) {","                // reset output","                Array.from(","                    document.querySelectorAll('body > .resettable')","                ).forEach(function (element) {","                    switch (element.tagName) {","                    case 'INPUT':","                    case 'TEXTAREA':","                        element.value = '';","                        break;","                    default:","                        element.textContent = '';","                    }","                });","            }","            switch (event && event.currentTarget && event.currentTarget.id) {","            case 'testRunButton1':","                // show tests","                if (document.querySelector('#testReportDiv1').style.display === 'none') {","                    document.querySelector('#testReportDiv1').style.display = 'block';","                    document.querySelector('#testRunButton1').textContent =","                        'hide internal test';","                    local.modeTest = true;","                    local.testRunDefault(local);","                // hide tests","                } else {","                    document.querySelector('#testReportDiv1').style.display = 'none';","                    document.querySelector('#testRunButton1').textContent = 'run internal test';","                }","                break;","            // custom-case","            default:","                break;","            }","            if (document.querySelector('#inputTextareaEval1') && (!event || (event &&","                    event.currentTarget &&","                    event.currentTarget.className &&","                    event.currentTarget.className.includes &&","                    event.currentTarget.className.includes('oneval')))) {","                // try to eval input-code","                try {","                    /*jslint evil: true*/","                    eval(document.querySelector('#inputTextareaEval1').value);","                } catch (errorCaught) {","                    console.error(errorCaught);","                }","            }","        };","        // log stderr and stdout to #outputTextareaStdout1","        ['error', 'log'].forEach(function (key) {","            console[key + '_original'] = console[key];","            console[key] = function () {","                var element;","                console[key + '_original'].apply(console, arguments);","                element = document.querySelector('#outputTextareaStdout1');","                if (!element) {","                    return;","                }","                // append text to #outputTextareaStdout1","                element.value += Array.from(arguments).map(function (arg) {","                    return typeof arg === 'string'","                        ? arg","                        : JSON.stringify(arg, null, 4);","                }).join(' ') + '\\n';","                // scroll textarea to bottom","                element.scrollTop = element.scrollHeight;","            };","        });","        // init event-handling","        ['change', 'click', 'keyup'].forEach(function (event) {","            Array.from(document.querySelectorAll('.on' + event)).forEach(function (element) {","                element.addEventListener(event, local.testRunBrowser);","            });","        });","        // run tests","        local.testRunBrowser();","        break;","","","","    // run node js-env code - post-init","    /* istanbul ignore next */","    case 'node':","        // export local","        module.exports = local;","        // require modules","        local.fs = require('fs');","        local.http = require('http');","        local.url = require('url');","        // init assets","        local.assetsDict = local.assetsDict || {};","        /* jslint-ignore-begin */","        local.assetsDict['/assets.index.template.html'] = '\\","<!doctype html>\\n\\","<html lang=\"en\">\\n\\","<head>\\n\\","<meta charset=\"UTF-8\">\\n\\","<meta name=\"viewport\" content=\"width=device-width, initial-scale=1\">\\n\\","<title>{{env.npm_package_name}} (v{{env.npm_package_version}})</title>\\n\\","<style>\\n\\","/*csslint\\n\\","    box-sizing: false,\\n\\","    universal-selector: false\\n\\","*/\\n\\","* {\\n\\","    box-sizing: border-box;\\n\\","}\\n\\","body {\\n\\","    background: #dde;\\n\\","    font-family: Arial, Helvetica, sans-serif;\\n\\","    margin: 2rem;\\n\\","}\\n\\","body > * {\\n\\","    margin-bottom: 1rem;\\n\\","}\\n\\",".utility2FooterDiv {\\n\\","    margin-top: 20px;\\n\\","    text-align: center;\\n\\","}\\n\\","</style>\\n\\","<style>\\n\\","/*csslint\\n\\","*/\\n\\","textarea {\\n\\","    font-family: monospace;\\n\\","    height: 10rem;\\n\\","    width: 100%;\\n\\","}\\n\\","textarea[readonly] {\\n\\","    background: #ddd;\\n\\","}\\n\\","</style>\\n\\","</head>\\n\\","<body>\\n\\","<!-- utility2-comment\\n\\","<div id=\"ajaxProgressDiv1\" style=\"background: #d00; height: 2px; left: 0; margin: 0; padding: 0; position: fixed; top: 0; transition: background 0.5s, width 1.5s; width: 25%;\"></div>\\n\\","utility2-comment -->\\n\\","<h1>\\n\\","<!-- utility2-comment\\n\\","    <a\\n\\","        {{#if env.npm_package_homepage}}\\n\\","        href=\"{{env.npm_package_homepage}}\"\\n\\","        {{/if env.npm_package_homepage}}\\n\\","        target=\"_blank\"\\n\\","    >\\n\\","utility2-comment -->\\n\\","        {{env.npm_package_name}} (v{{env.npm_package_version}})\\n\\","<!-- utility2-comment\\n\\","    </a>\\n\\","utility2-comment -->\\n\\","</h1>\\n\\","<h3>{{env.npm_package_description}}</h3>\\n\\","<!-- utility2-comment\\n\\","<h4><a download href=\"assets.app.js\">download standalone app</a></h4>\\n\\","<button class=\"onclick onreset\" id=\"testRunButton1\">run internal test</button><br>\\n\\","<div id=\"testReportDiv1\" style=\"display: none;\"></div>\\n\\","utility2-comment -->\\n\\","\\n\\","\\n\\","\\n\\","<label>stderr and stdout</label>\\n\\","<textarea class=\"resettable\" id=\"outputTextareaStdout1\" readonly></textarea>\\n\\","<!-- utility2-comment\\n\\","{{#if isRollup}}\\n\\","<script src=\"assets.app.js\"></script>\\n\\","{{#unless isRollup}}\\n\\","utility2-comment -->\\n\\","<script src=\"assets.utility2.rollup.js\"></script>\\n\\","<script src=\"jsonp.utility2._stateInit?callback=window.utility2._stateInit\"></script>\\n\\","<script src=\"assets.npmtest_codeceptjs.rollup.js\"></script>\\n\\","<script src=\"assets.example.js\"></script>\\n\\","<script src=\"assets.test.js\"></script>\\n\\","<!-- utility2-comment\\n\\","{{/if isRollup}}\\n\\","utility2-comment -->\\n\\","<div class=\"utility2FooterDiv\">\\n\\","    [ this app was created with\\n\\","    <a href=\"https://github.com/kaizhu256/node-utility2\" target=\"_blank\">utility2</a>\\n\\","    ]\\n\\","</div>\\n\\","</body>\\n\\","</html>\\n\\","';","        /* jslint-ignore-end */","        if (local.templateRender) {","            local.assetsDict['/'] = local.templateRender(","                local.assetsDict['/assets.index.template.html'],","                {","                    env: local.objectSetDefault(local.env, {","                        npm_package_description: 'the greatest app in the world!',","                        npm_package_name: 'my-app',","                        npm_package_nameAlias: 'my_app',","                        npm_package_version: '0.0.1'","                    })","                }","            );","        } else {","            local.assetsDict['/'] = local.assetsDict['/assets.index.template.html']","                .replace((/\\{\\{env\\.(\\w+?)\\}\\}/g), function (match0, match1) {","                    // jslint-hack","                    String(match0);","                    switch (match1) {","                    case 'npm_package_description':","                        return 'the greatest app in the world!';","                    case 'npm_package_name':","                        return 'my-app';","                    case 'npm_package_nameAlias':","                        return 'my_app';","                    case 'npm_package_version':","                        return '0.0.1';","                    }","                });","        }","        // run the cli","        if (local.global.utility2_rollup || module !== require.main) {","            break;","        }","        local.assetsDict['/assets.example.js'] =","            local.assetsDict['/assets.example.js'] ||","            local.fs.readFileSync(__filename, 'utf8');","        // bug-workaround - long $npm_package_buildCustomOrg","        /* jslint-ignore-begin */","        local.assetsDict['/assets.npmtest_codeceptjs.rollup.js'] =","            local.assetsDict['/assets.npmtest_codeceptjs.rollup.js'] ||","            local.fs.readFileSync(","                local.npmtest_codeceptjs.__dirname + '/lib.npmtest_codeceptjs.js',","                'utf8'","            ).replace((/^#!/), '//');","        /* jslint-ignore-end */","        local.assetsDict['/favicon.ico'] = local.assetsDict['/favicon.ico'] || '';","        // if $npm_config_timeout_exit exists,","        // then exit this process after $npm_config_timeout_exit ms","        if (Number(process.env.npm_config_timeout_exit)) {","            setTimeout(process.exit, Number(process.env.npm_config_timeout_exit));","        }","        // start server","        if (local.global.utility2_serverHttp1) {","            break;","        }","        process.env.PORT = process.env.PORT || '8081';","        console.error('server starting on port ' + process.env.PORT);","        local.http.createServer(function (request, response) {","            request.urlParsed = local.url.parse(request.url);","            if (local.assetsDict[request.urlParsed.pathname] !== undefined) {","                response.end(local.assetsDict[request.urlParsed.pathname]);","                return;","            }","            response.statusCode = 404;","            response.end();","        }).listen(process.env.PORT);","        break;","    }","}());",""],"l":{"26":2,"28":2,"33":2,"35":2,"37":2,"38":2,"39":2,"44":1,"51":2,"55":2,"59":2,"61":2,"69":1,"70":2,"76":2,"79":2,"82":2,"83":2,"85":1,"89":2,"92":1,"93":1,"94":1,"96":1,"97":1,"100":1,"101":1,"103":1,"106":1,"108":2,"114":1,"116":1,"118":1,"123":1,"124":2,"125":2,"126":3,"127":3,"128":3,"129":3,"130":1,"133":3,"134":3,"139":3,"143":1,"144":3,"145":1,"149":1,"150":1,"158":1,"160":1,"161":1,"162":1,"164":1,"166":1,"258":1,"259":1,"271":1,"274":6,"275":6,"277":1,"279":2,"281":1,"283":2,"288":1,"289":1,"291":1,"296":1,"303":1,"306":1,"307":1,"310":1,"311":1,"313":1,"314":1,"315":1,"316":1,"317":1,"318":1,"319":1,"321":1,"322":1,"324":1}},"/home/travis/build/npmtest/node-npmtest-codeceptjs/node_modules/codeceptjs/lib/index.js":{"path":"/home/travis/build/npmtest/node-npmtest-codeceptjs/node_modules/codeceptjs/lib/index.js","s":{"1":1},"b":{},"f":{},"fnMap":{},"statementMap":{"1":{"start":{"line":7,"column":0},"end":{"line":18,"column":2}}},"branchMap":{},"code":["'use strict';","/**"," * Index file for loading CodeceptJS programmatically."," *"," * Includes Public API objects"," */","module.exports = {","  codecept: require('./codecept'),","  output: require('./output'),","  container: require('./container'),","  event: require('./event'),","  recorder: require('./recorder'),","  config: require('./config'),","  actor: require('./actor'),","  helper: require('./helper'),","  pause: require('./pause'),","  within: require('./within')","};",""],"l":{"7":1}},"/home/travis/build/npmtest/node-npmtest-codeceptjs/node_modules/codeceptjs/lib/codecept.js":{"path":"/home/travis/build/npmtest/node-npmtest-codeceptjs/node_modules/codeceptjs/lib/codecept.js","s":{"1":1,"2":1,"3":1,"4":1,"5":1,"6":1,"7":1,"8":1,"9":1,"10":1,"11":0,"12":0,"13":0,"14":0,"15":0,"16":0,"17":0,"18":0,"19":0,"20":0,"21":0,"22":0,"23":0,"24":0,"25":0,"26":0,"27":0,"28":0,"29":0,"30":0,"31":0,"32":0,"33":0,"34":0,"35":0,"36":0,"37":0,"38":0,"39":0,"40":0,"41":0,"42":1,"43":1},"b":{"1":[0,0],"2":[0,0],"3":[0,0,0]},"f":{"1":0,"2":0,"3":0,"4":0,"5":0,"6":0,"7":1},"fnMap":{"1":{"name":"(anonymous_1)","line":27,"loc":{"start":{"line":27,"column":13},"end":{"line":27,"column":28}}},"2":{"name":"(anonymous_2)","line":40,"loc":{"start":{"line":40,"column":6},"end":{"line":40,"column":22}}},"3":{"name":"(anonymous_3)","line":60,"loc":{"start":{"line":60,"column":11},"end":{"line":60,"column":18}}},"4":{"name":"(anonymous_4)","line":81,"loc":{"start":{"line":81,"column":10},"end":{"line":81,"column":17}}},"5":{"name":"(anonymous_5)","line":90,"loc":{"start":{"line":90,"column":11},"end":{"line":90,"column":21}}},"6":{"name":"(anonymous_6)","line":102,"loc":{"start":{"line":102,"column":5},"end":{"line":102,"column":12}}},"7":{"name":"(anonymous_7)","line":117,"loc":{"start":{"line":117,"column":16},"end":{"line":117,"column":19}}}},"statementMap":{"1":{"start":{"line":3,"column":0},"end":{"line":3,"column":29}},"2":{"start":{"line":4,"column":0},"end":{"line":4,"column":46}},"3":{"start":{"line":5,"column":0},"end":{"line":5,"column":44}},"4":{"start":{"line":6,"column":0},"end":{"line":6,"column":38}},"5":{"start":{"line":7,"column":0},"end":{"line":7,"column":39}},"6":{"start":{"line":8,"column":0},"end":{"line":8,"column":33}},"7":{"start":{"line":9,"column":0},"end":{"line":9,"column":36}},"8":{"start":{"line":10,"column":0},"end":{"line":10,"column":27}},"9":{"start":{"line":11,"column":0},"end":{"line":11,"column":47}},"10":{"start":{"line":12,"column":0},"end":{"line":12,"column":33}},"11":{"start":{"line":28,"column":4},"end":{"line":28,"column":25}},"12":{"start":{"line":29,"column":4},"end":{"line":29,"column":21}},"13":{"start":{"line":30,"column":4},"end":{"line":30,"column":24}},"14":{"start":{"line":42,"column":4},"end":{"line":42,"column":30}},"15":{"start":{"line":43,"column":4},"end":{"line":43,"column":64}},"16":{"start":{"line":44,"column":4},"end":{"line":44,"column":62}},"17":{"start":{"line":45,"column":4},"end":{"line":45,"column":65}},"18":{"start":{"line":46,"column":4},"end":{"line":46,"column":38}},"19":{"start":{"line":47,"column":4},"end":{"line":47,"column":40}},"20":{"start":{"line":50,"column":4},"end":{"line":50,"column":45}},"21":{"start":{"line":51,"column":4},"end":{"line":51,"column":29}},"22":{"start":{"line":63,"column":4},"end":{"line":63,"column":41}},"23":{"start":{"line":64,"column":4},"end":{"line":64,"column":43}},"24":{"start":{"line":65,"column":4},"end":{"line":65,"column":40}},"25":{"start":{"line":66,"column":4},"end":{"line":66,"column":41}},"26":{"start":{"line":69,"column":4},"end":{"line":69,"column":55}},"27":{"start":{"line":69,"column":40},"end":{"line":69,"column":53}},"28":{"start":{"line":72,"column":4},"end":{"line":72,"column":54}},"29":{"start":{"line":82,"column":4},"end":{"line":82,"column":52}},"30":{"start":{"line":91,"column":4},"end":{"line":91,"column":43}},"31":{"start":{"line":92,"column":4},"end":{"line":94,"column":7}},"32":{"start":{"line":93,"column":6},"end":{"line":93,"column":48}},"33":{"start":{"line":103,"column":4},"end":{"line":103,"column":34}},"34":{"start":{"line":104,"column":4},"end":{"line":104,"column":33}},"35":{"start":{"line":105,"column":4},"end":{"line":107,"column":5}},"36":{"start":{"line":106,"column":6},"end":{"line":106,"column":156}},"37":{"start":{"line":106,"column":46},"end":{"line":106,"column":154}},"38":{"start":{"line":108,"column":4},"end":{"line":113,"column":7}},"39":{"start":{"line":109,"column":6},"end":{"line":111,"column":8}},"40":{"start":{"line":110,"column":8},"end":{"line":110,"column":43}},"41":{"start":{"line":112,"column":6},"end":{"line":112,"column":26}},"42":{"start":{"line":118,"column":4},"end":{"line":118,"column":84}},"43":{"start":{"line":122,"column":0},"end":{"line":122,"column":26}}},"branchMap":{"1":{"line":91,"type":"binary-expr","locations":[{"start":{"line":91,"column":14},"end":{"line":91,"column":21}},{"start":{"line":91,"column":25},"end":{"line":91,"column":42}}]},"2":{"line":105,"type":"if","locations":[{"start":{"line":105,"column":4},"end":{"line":105,"column":4}},{"start":{"line":105,"column":4},"end":{"line":105,"column":4}}]},"3":{"line":106,"type":"binary-expr","locations":[{"start":{"line":106,"column":46},"end":{"line":106,"column":85}},{"start":{"line":106,"column":89},"end":{"line":106,"column":123}},{"start":{"line":106,"column":127},"end":{"line":106,"column":154}}]}},"code":["'use strict';","","let fsPath = require('path');","let readFileSync = require('fs').readFileSync;","let readdirSync = require('fs').readdirSync;","let statSync = require('fs').statSync;","let Container = require('./container');","let Config = require('./config');","let event = require('../lib/event');","let glob = require('glob');","let fileExists = require('./utils').fileExists;","let runHook = require('./hooks');","","/**"," * CodeceptJS runner"," */","class Codecept {","","","  /**","   * Create CodeceptJS runner.","   * Config and options should be passed","   *","   * @param {*} config","   * @param {*} opts","   */","  constructor(config, opts) {","    this.config = config;","    this.opts = opts;","    this.testFiles = [];","  }","","  /**","   * Initialize CodeceptJS at specific directory.","   * If async initialization is required pass callbacke as second parameter.","   *","   * @param {*} dir","   * @param {*} callback","   */","  init(dir, callback) {","    // preparing globals","    global.codecept_dir = dir;","    global.output_dir = fsPath.resolve(dir, this.config.output);","    global.actor = global.codecept_actor = require('./actor');","    global.Helper = global.codecept_helper = require('./helper');","    global.pause = require('./pause');","    global.within = require('./within');","","    // initializing listeners","    Container.create(this.config, this.opts);","    this.bootstrap(callback);","  }","","  /**","   * Executes hooks and bootstrap.","   * If bootstrap is async second parameter is required.","   *","   * @param {*} done","   */","  bootstrap(done) {","","    // default hooks","    runHook(require('./listener/steps'));","    runHook(require('./listener/helpers'));","    runHook(require('./listener/exit'));","    runHook(require('./listener/trace'));","","    // custom hooks","    this.config.hooks.forEach((hook) => runHook(hook));","","    // bootstrap","    runHook(this.config.bootstrap, done, 'bootstrap');","  }","","  /**","   * Executes teardown.","   * If teardown is async a parameter is provided.","   *","   * @param {*} done","   */","  teardown(done) {","    runHook(this.config.teardown, done, 'teardown');","  }","","  /**","   * Loads tests by pattern or by config.tests","   *","   * @param {optional} pattern","   */","  loadTests(pattern) {","    pattern = pattern || this.config.tests;","    glob.sync(fsPath.resolve(codecept_dir, pattern)).forEach((file) => {","      this.testFiles.push(fsPath.resolve(file));","    });","  }","","  /**","   * Run a specific test or all loaded tests.","   *","   * @param {optional} test","   */","  run(test) {","    let mocha = Container.mocha();","    mocha.files = this.testFiles;","    if (test) {","      mocha.files = mocha.files.filter((t) => fsPath.basename(t, '_test.js') === test || fsPath.basename(t, '.js') === test || fsPath.basename(t) === test);","    }","    mocha.run().on('end', () => {","      let done = () => {","        event.emit(event.all.result, this);","      };","      this.teardown(done);","    });","  }","","","  static version() {","    return JSON.parse(readFileSync(__dirname + '/../package.json', 'utf8')).version;","  }","}","","module.exports = Codecept;",""],"l":{"3":1,"4":1,"5":1,"6":1,"7":1,"8":1,"9":1,"10":1,"11":1,"12":1,"28":0,"29":0,"30":0,"42":0,"43":0,"44":0,"45":0,"46":0,"47":0,"50":0,"51":0,"63":0,"64":0,"65":0,"66":0,"69":0,"72":0,"82":0,"91":0,"92":0,"93":0,"103":0,"104":0,"105":0,"106":0,"108":0,"109":0,"110":0,"112":0,"118":1,"122":1}},"/home/travis/build/npmtest/node-npmtest-codeceptjs/node_modules/codeceptjs/lib/container.js":{"path":"/home/travis/build/npmtest/node-npmtest-codeceptjs/node_modules/codeceptjs/lib/container.js","s":{"1":1,"2":1,"3":1,"4":1,"5":1,"6":0,"7":0,"8":0,"9":0,"10":0,"11":0,"12":0,"13":0,"14":0,"15":0,"16":0,"17":0,"18":0,"19":0,"20":0,"21":0,"22":0,"23":1,"24":1,"25":0,"26":0,"27":0,"28":0,"29":0,"30":0,"31":0,"32":0,"33":0,"34":0,"35":0,"36":0,"37":0,"38":0,"39":0,"40":0,"41":0,"42":0,"43":0,"44":0,"45":1,"46":0,"47":0,"48":0,"49":0,"50":0,"51":0,"52":0,"53":0,"54":0,"55":0,"56":0,"57":0,"58":0,"59":0,"60":0,"61":0,"62":0,"63":0,"64":0,"65":1,"66":0,"67":0,"68":0,"69":0,"70":0,"71":0,"72":0,"73":0,"74":0,"75":0},"b":{"1":[0,0],"2":[0,0],"3":[0,0],"4":[0,0],"5":[0,0],"6":[0,0],"7":[0,0],"8":[0,0],"9":[0,0],"10":[0,0],"11":[0,0],"12":[0,0],"13":[0,0],"14":[0,0],"15":[0,0],"16":[0,0],"17":[0,0],"18":[0,0],"19":[0,0],"20":[0,0],"21":[0,0],"22":[0,0]},"f":{"1":0,"2":0,"3":0,"4":0,"5":0,"6":0,"7":0,"8":0,"9":0,"10":0},"fnMap":{"1":{"name":"(anonymous_1)","line":26,"loc":{"start":{"line":26,"column":15},"end":{"line":26,"column":30}}},"2":{"name":"(anonymous_2)","line":39,"loc":{"start":{"line":39,"column":16},"end":{"line":39,"column":23}}},"3":{"name":"(anonymous_3)","line":52,"loc":{"start":{"line":52,"column":16},"end":{"line":52,"column":23}}},"4":{"name":"(anonymous_4)","line":64,"loc":{"start":{"line":64,"column":20},"end":{"line":64,"column":23}}},"5":{"name":"(anonymous_5)","line":73,"loc":{"start":{"line":73,"column":14},"end":{"line":73,"column":17}}},"6":{"name":"(anonymous_6)","line":82,"loc":{"start":{"line":82,"column":15},"end":{"line":82,"column":30}}},"7":{"name":"(anonymous_7)","line":93,"loc":{"start":{"line":93,"column":14},"end":{"line":93,"column":39}}},"8":{"name":"createHelpers","line":102,"loc":{"start":{"line":102,"column":0},"end":{"line":102,"column":31}}},"9":{"name":"createSupportObjects","line":135,"loc":{"start":{"line":135,"column":0},"end":{"line":135,"column":38}}},"10":{"name":"loadTranslation","line":168,"loc":{"start":{"line":168,"column":0},"end":{"line":168,"column":38}}}},"statementMap":{"1":{"start":{"line":2,"column":0},"end":{"line":2,"column":27}},"2":{"start":{"line":3,"column":0},"end":{"line":3,"column":47}},"3":{"start":{"line":4,"column":0},"end":{"line":4,"column":43}},"4":{"start":{"line":5,"column":0},"end":{"line":5,"column":46}},"5":{"start":{"line":7,"column":0},"end":{"line":12,"column":2}},"6":{"start":{"line":27,"column":4},"end":{"line":27,"column":74}},"7":{"start":{"line":28,"column":4},"end":{"line":28,"column":60}},"8":{"start":{"line":29,"column":4},"end":{"line":29,"column":72}},"9":{"start":{"line":30,"column":4},"end":{"line":30,"column":67}},"10":{"start":{"line":40,"column":4},"end":{"line":42,"column":5}},"11":{"start":{"line":41,"column":6},"end":{"line":41,"column":31}},"12":{"start":{"line":43,"column":4},"end":{"line":43,"column":35}},"13":{"start":{"line":53,"column":4},"end":{"line":55,"column":5}},"14":{"start":{"line":54,"column":6},"end":{"line":54,"column":31}},"15":{"start":{"line":56,"column":4},"end":{"line":56,"column":35}},"16":{"start":{"line":65,"column":4},"end":{"line":65,"column":33}},"17":{"start":{"line":74,"column":4},"end":{"line":74,"column":27}},"18":{"start":{"line":83,"column":4},"end":{"line":83,"column":51}},"19":{"start":{"line":84,"column":4},"end":{"line":84,"column":51}},"20":{"start":{"line":94,"column":4},"end":{"line":94,"column":41}},"21":{"start":{"line":95,"column":4},"end":{"line":95,"column":41}},"22":{"start":{"line":96,"column":4},"end":{"line":96,"column":46}},"23":{"start":{"line":100,"column":0},"end":{"line":100,"column":27}},"24":{"start":{"line":102,"column":0},"end":{"line":133,"column":1}},"25":{"start":{"line":103,"column":2},"end":{"line":103,"column":19}},"26":{"start":{"line":104,"column":2},"end":{"line":104,"column":19}},"27":{"start":{"line":105,"column":2},"end":{"line":127,"column":3}},"28":{"start":{"line":106,"column":4},"end":{"line":126,"column":5}},"29":{"start":{"line":107,"column":6},"end":{"line":109,"column":35}},"30":{"start":{"line":110,"column":6},"end":{"line":110,"column":40}},"31":{"start":{"line":111,"column":6},"end":{"line":122,"column":7}},"32":{"start":{"line":112,"column":8},"end":{"line":112,"column":60}},"33":{"start":{"line":113,"column":8},"end":{"line":121,"column":9}},"34":{"start":{"line":114,"column":10},"end":{"line":114,"column":22}},"35":{"start":{"line":115,"column":10},"end":{"line":119,"column":11}},"36":{"start":{"line":116,"column":12},"end":{"line":116,"column":73}},"37":{"start":{"line":118,"column":12},"end":{"line":118,"column":72}},"38":{"start":{"line":120,"column":10},"end":{"line":120,"column":84}},"39":{"start":{"line":123,"column":6},"end":{"line":123,"column":64}},"40":{"start":{"line":125,"column":6},"end":{"line":125,"column":126}},"41":{"start":{"line":129,"column":2},"end":{"line":131,"column":3}},"42":{"start":{"line":130,"column":4},"end":{"line":130,"column":51}},"43":{"start":{"line":130,"column":29},"end":{"line":130,"column":51}},"44":{"start":{"line":132,"column":2},"end":{"line":132,"column":17}},"45":{"start":{"line":135,"column":0},"end":{"line":166,"column":1}},"46":{"start":{"line":136,"column":2},"end":{"line":136,"column":19}},"47":{"start":{"line":137,"column":2},"end":{"line":156,"column":3}},"48":{"start":{"line":138,"column":4},"end":{"line":138,"column":30}},"49":{"start":{"line":139,"column":4},"end":{"line":141,"column":5}},"50":{"start":{"line":140,"column":6},"end":{"line":140,"column":54}},"51":{"start":{"line":142,"column":4},"end":{"line":146,"column":5}},"52":{"start":{"line":143,"column":6},"end":{"line":143,"column":38}},"53":{"start":{"line":145,"column":6},"end":{"line":145,"column":98}},"54":{"start":{"line":147,"column":4},"end":{"line":155,"column":5}},"55":{"start":{"line":148,"column":6},"end":{"line":152,"column":7}},"56":{"start":{"line":149,"column":8},"end":{"line":149,"column":40}},"57":{"start":{"line":150,"column":13},"end":{"line":152,"column":7}},"58":{"start":{"line":151,"column":8},"end":{"line":151,"column":30}},"59":{"start":{"line":154,"column":6},"end":{"line":154,"column":84}},"60":{"start":{"line":157,"column":2},"end":{"line":163,"column":3}},"61":{"start":{"line":158,"column":4},"end":{"line":158,"column":37}},"62":{"start":{"line":160,"column":4},"end":{"line":162,"column":5}},"63":{"start":{"line":161,"column":6},"end":{"line":161,"column":51}},"64":{"start":{"line":165,"column":2},"end":{"line":165,"column":17}},"65":{"start":{"line":168,"column":0},"end":{"line":189,"column":1}},"66":{"start":{"line":169,"column":2},"end":{"line":174,"column":3}},"67":{"start":{"line":170,"column":4},"end":{"line":173,"column":14}},"68":{"start":{"line":176,"column":2},"end":{"line":176,"column":17}},"69":{"start":{"line":178,"column":2},"end":{"line":186,"column":3}},"70":{"start":{"line":179,"column":4},"end":{"line":179,"column":57}},"71":{"start":{"line":180,"column":4},"end":{"line":180,"column":39}},"72":{"start":{"line":181,"column":9},"end":{"line":186,"column":3}},"73":{"start":{"line":183,"column":4},"end":{"line":183,"column":70}},"74":{"start":{"line":185,"column":4},"end":{"line":185,"column":118}},"75":{"start":{"line":188,"column":2},"end":{"line":188,"column":37}}},"branchMap":{"1":{"line":27,"type":"binary-expr","locations":[{"start":{"line":27,"column":42},"end":{"line":27,"column":54}},{"start":{"line":27,"column":58},"end":{"line":27,"column":60}}]},"2":{"line":27,"type":"binary-expr","locations":[{"start":{"line":27,"column":62},"end":{"line":27,"column":66}},{"start":{"line":27,"column":70},"end":{"line":27,"column":72}}]},"3":{"line":28,"type":"binary-expr","locations":[{"start":{"line":28,"column":38},"end":{"line":28,"column":52}},{"start":{"line":28,"column":56},"end":{"line":28,"column":58}}]},"4":{"line":29,"type":"binary-expr","locations":[{"start":{"line":29,"column":44},"end":{"line":29,"column":62}},{"start":{"line":29,"column":66},"end":{"line":29,"column":70}}]},"5":{"line":30,"type":"binary-expr","locations":[{"start":{"line":30,"column":45},"end":{"line":30,"column":59}},{"start":{"line":30,"column":63},"end":{"line":30,"column":65}}]},"6":{"line":40,"type":"if","locations":[{"start":{"line":40,"column":4},"end":{"line":40,"column":4}},{"start":{"line":40,"column":4},"end":{"line":40,"column":4}}]},"7":{"line":53,"type":"if","locations":[{"start":{"line":53,"column":4},"end":{"line":53,"column":4}},{"start":{"line":53,"column":4},"end":{"line":53,"column":4}}]},"8":{"line":94,"type":"binary-expr","locations":[{"start":{"line":94,"column":24},"end":{"line":94,"column":34}},{"start":{"line":94,"column":38},"end":{"line":94,"column":40}}]},"9":{"line":95,"type":"binary-expr","locations":[{"start":{"line":95,"column":24},"end":{"line":95,"column":34}},{"start":{"line":95,"column":38},"end":{"line":95,"column":40}}]},"10":{"line":107,"type":"cond-expr","locations":[{"start":{"line":108,"column":10},"end":{"line":108,"column":71}},{"start":{"line":109,"column":10},"end":{"line":109,"column":34}}]},"11":{"line":111,"type":"if","locations":[{"start":{"line":111,"column":6},"end":{"line":111,"column":6}},{"start":{"line":111,"column":6},"end":{"line":111,"column":6}}]},"12":{"line":113,"type":"if","locations":[{"start":{"line":113,"column":8},"end":{"line":113,"column":8}},{"start":{"line":113,"column":8},"end":{"line":113,"column":8}}]},"13":{"line":115,"type":"if","locations":[{"start":{"line":115,"column":10},"end":{"line":115,"column":10}},{"start":{"line":115,"column":10},"end":{"line":115,"column":10}}]},"14":{"line":130,"type":"if","locations":[{"start":{"line":130,"column":4},"end":{"line":130,"column":4}},{"start":{"line":130,"column":4},"end":{"line":130,"column":4}}]},"15":{"line":139,"type":"if","locations":[{"start":{"line":139,"column":4},"end":{"line":139,"column":4}},{"start":{"line":139,"column":4},"end":{"line":139,"column":4}}]},"16":{"line":148,"type":"if","locations":[{"start":{"line":148,"column":6},"end":{"line":148,"column":6}},{"start":{"line":148,"column":6},"end":{"line":148,"column":6}}]},"17":{"line":150,"type":"if","locations":[{"start":{"line":150,"column":13},"end":{"line":150,"column":13}},{"start":{"line":150,"column":13},"end":{"line":150,"column":13}}]},"18":{"line":157,"type":"if","locations":[{"start":{"line":157,"column":2},"end":{"line":157,"column":2}},{"start":{"line":157,"column":2},"end":{"line":157,"column":2}}]},"19":{"line":160,"type":"if","locations":[{"start":{"line":160,"column":4},"end":{"line":160,"column":4}},{"start":{"line":160,"column":4},"end":{"line":160,"column":4}}]},"20":{"line":169,"type":"if","locations":[{"start":{"line":169,"column":2},"end":{"line":169,"column":2}},{"start":{"line":169,"column":2},"end":{"line":169,"column":2}}]},"21":{"line":178,"type":"if","locations":[{"start":{"line":178,"column":2},"end":{"line":178,"column":2}},{"start":{"line":178,"column":2},"end":{"line":178,"column":2}}]},"22":{"line":181,"type":"if","locations":[{"start":{"line":181,"column":9},"end":{"line":181,"column":9}},{"start":{"line":181,"column":9},"end":{"line":181,"column":9}}]}},"code":["'use strict';","let path = require('path');","let fileExists = require('./utils').fileExists;","let Translation = require('./translation');","let MochaFactory = require('./mocha_factory');","","let container = {","  helpers: {},","  support: {},","  mocha: {},","  translation: {},","};","","/**"," * Dependency Injection Container"," */","class Container {","","  /**","   * Create container with all required helpers and support objects","   *","   * @api","   * @param {*} config","   * @param {*} opts","   */","  static create(config, opts) {","    container.mocha = MochaFactory.create(config.mocha || {}, opts || {});","    container.helpers = createHelpers(config.helpers || {});","    container.translation = loadTranslation(config.translation || null);","    container.support = createSupportObjects(config.include || {});","  }","","  /**","   * Get all support objects or get support object by name","   *","   * @api","   * @param {optional} name","   */","  static support(name) {","    if (!name) {","      return container.support;","    }","    return container.support[name];","  }","","  /**","   * Get all helpers or get a helper by name","   *","   * @api","   * @param {optional} name","   */","  static helpers(name) {","    if (!name) {","      return container.helpers;","    }","    return container.helpers[name];","  }","","  /**","   * Get translation","   *","   * @api","   */","  static translation() {","    return container.translation;","  }","","  /**","   * Get Mocha instance","   *","   * @api","   */","  static mocha() {","    return container.mocha;","  }","","  /**","   * Append new services to container","   *","   * @api","   */","  static append(newContainer) {","    const deepMerge = require('./utils').deepMerge;","    container = deepMerge(container, newContainer);","  }","","  /**","   * Clear container","   *","   * @param {*} newHelpers","   * @param {*} newSupport","   */","  static clear(newHelpers, newSupport) {","    container.helpers = newHelpers || {};","    container.support = newSupport || {};","    container.translation = loadTranslation();","  }","}","","module.exports = Container;","","function createHelpers(config) {","  let helpers = {};","  let helperModule;","  for (let helperName in config) {","    try {","      module = config[helperName].require","        ? path.resolve(global.codecept_dir, config[helperName].require) // custom helper","        : './helper/' + helperName; // built-in helper","      let HelperClass = require(module);","      if (HelperClass._checkRequirements) {","        let requirements = HelperClass._checkRequirements();","        if (requirements) {","          let install;","          if (require('./utils').installedLocally()) {","            install = \"npm install --save-dev \" + requirements.join(' ');","          } else {","            install = \"[sudo] npm install -g \" + requirements.join(' ');","          }","          throw new Error(\"Required modules are not installed.\\n\\nRUN: \" + install);","        }","      }","      helpers[helperName] = new HelperClass(config[helperName]);","    } catch (err) {","      throw new Error(`Could not load helper ${helperName} from module '${module}':\\n${err.message}\\n${JSON.stringify(err)}`);","    }","  }","","  for (let name in helpers) {","    if (helpers[name]._init) helpers[name]._init();","  }","  return helpers;","}","","function createSupportObjects(config) {","  let objects = {};","  for (let name in config) {","    let module = config[name];","    if (module.charAt(0) === '.') {","      module = path.join(global.codecept_dir, module);","    }","    try {","      objects[name] = require(module);","    } catch (err) {","      throw new Error(`Could not include object ${name} from module '${module}'\\n${err.message}`);","    }","    try {","      if (typeof objects[name] === 'function') {","        objects[name] = objects[name]();","      } else if (objects[name]._init) {","        objects[name]._init();","      }","    } catch (err) {","      throw new Error(`Initialization failed for ${objects[name]}\\n${err.message}`);","    }","  }","  if (!objects.I) {","    objects.I = require('./actor')();","","    if (container.translation.I != 'I') {","      objects[container.translation.I] = objects.I;","    }","  }","","  return objects;","}","","function loadTranslation(translation) {","  if (!translation) {","    return new Translation({","      I: 'I',","      actions: {}","    }, false);","  }","","  let vocabulary;","  // check if it is a known translation","  if (require('../translations')[translation]) {","    vocabulary = require('../translations')[translation];","    return new Translation(vocabulary);","  } else if (fileExists(path.join(global.codecept_dir, translation))) {","    // get from a provided file instead","    vocabulary = require(path.join(global.codecept_dir, translation));","  } else {","    throw new Error(`Translation option is set in config, but ${translation} is not a translated locale or filename`);","  }","","  return new Translation(vocabulary);","}",""],"l":{"2":1,"3":1,"4":1,"5":1,"7":1,"27":0,"28":0,"29":0,"30":0,"40":0,"41":0,"43":0,"53":0,"54":0,"56":0,"65":0,"74":0,"83":0,"84":0,"94":0,"95":0,"96":0,"100":1,"102":1,"103":0,"104":0,"105":0,"106":0,"107":0,"110":0,"111":0,"112":0,"113":0,"114":0,"115":0,"116":0,"118":0,"120":0,"123":0,"125":0,"129":0,"130":0,"132":0,"135":1,"136":0,"137":0,"138":0,"139":0,"140":0,"142":0,"143":0,"145":0,"147":0,"148":0,"149":0,"150":0,"151":0,"154":0,"157":0,"158":0,"160":0,"161":0,"165":0,"168":1,"169":0,"170":0,"176":0,"178":0,"179":0,"180":0,"181":0,"183":0,"185":0,"188":0}},"/home/travis/build/npmtest/node-npmtest-codeceptjs/node_modules/codeceptjs/lib/utils.js":{"path":"/home/travis/build/npmtest/node-npmtest-codeceptjs/node_modules/codeceptjs/lib/utils.js","s":{"1":1,"2":1,"3":1,"4":1,"5":0,"6":1,"7":0,"8":0,"9":0,"10":0,"11":0,"12":0,"13":0,"14":0,"15":1,"16":1,"17":0,"18":0,"19":0,"20":0,"21":0,"22":1,"23":0,"24":0,"25":0,"26":0,"27":0,"28":0,"29":0,"30":0,"31":1,"32":0,"33":0,"34":0,"35":1,"36":1,"37":1,"38":0,"39":0,"40":0,"41":0,"42":0,"43":0,"44":0,"45":0,"46":0,"47":0,"48":0,"49":0,"50":0,"51":0,"52":0,"53":1,"54":0,"55":0,"56":0,"57":0,"58":0,"59":1,"60":0,"61":1,"62":0,"63":1,"64":0,"65":0,"66":0,"67":0,"68":0,"69":0,"70":0,"71":0,"72":0,"73":1,"74":0,"75":0,"76":0,"77":0,"78":0,"79":0,"80":1,"81":0,"82":0,"83":0,"84":0,"85":0,"86":0},"b":{"1":[0,0,0],"2":[0,0],"3":[0,0],"4":[0,0],"5":[0,0],"6":[0,0],"7":[0,0],"8":[0,0],"9":[0,0],"10":[0,0],"11":[0,0],"12":[0,0],"13":[0,0],"14":[0,0],"15":[0,0],"16":[0,0],"17":[0,0],"18":[0,0]},"f":{"1":0,"2":0,"3":0,"4":0,"5":0,"6":1,"7":0,"8":0,"9":0,"10":0,"11":0,"12":0,"13":0,"14":0,"15":0,"16":0},"fnMap":{"1":{"name":"isObject","line":5,"loc":{"start":{"line":5,"column":0},"end":{"line":5,"column":24}}},"2":{"name":"deepMerge","line":9,"loc":{"start":{"line":9,"column":0},"end":{"line":9,"column":35}}},"3":{"name":"(anonymous_3)","line":25,"loc":{"start":{"line":25,"column":28},"end":{"line":25,"column":48}}},"4":{"name":"(anonymous_4)","line":34,"loc":{"start":{"line":34,"column":24},"end":{"line":34,"column":44}}},"5":{"name":"(anonymous_5)","line":45,"loc":{"start":{"line":45,"column":31},"end":{"line":45,"column":45}}},"6":{"name":"(anonymous_6)","line":50,"loc":{"start":{"line":50,"column":34},"end":{"line":50,"column":46}}},"7":{"name":"(anonymous_7)","line":54,"loc":{"start":{"line":54,"column":33},"end":{"line":54,"column":59}}},"8":{"name":"(anonymous_8)","line":81,"loc":{"start":{"line":81,"column":26},"end":{"line":81,"column":52}}},"9":{"name":"(anonymous_9)","line":82,"loc":{"start":{"line":82,"column":43},"end":{"line":82,"column":59}}},"10":{"name":"(anonymous_10)","line":89,"loc":{"start":{"line":89,"column":25},"end":{"line":89,"column":40}}},"11":{"name":"(anonymous_11)","line":93,"loc":{"start":{"line":93,"column":25},"end":{"line":93,"column":40}}},"12":{"name":"(anonymous_12)","line":97,"loc":{"start":{"line":97,"column":26},"end":{"line":97,"column":41}}},"13":{"name":"(anonymous_13)","line":115,"loc":{"start":{"line":115,"column":41},"end":{"line":115,"column":59}}},"14":{"name":"(anonymous_14)","line":130,"loc":{"start":{"line":130,"column":17},"end":{"line":130,"column":37}}},"15":{"name":"(anonymous_15)","line":131,"loc":{"start":{"line":131,"column":11},"end":{"line":131,"column":26}}},"16":{"name":"(anonymous_16)","line":140,"loc":{"start":{"line":140,"column":15},"end":{"line":140,"column":27}}}},"statementMap":{"1":{"start":{"line":1,"column":0},"end":{"line":1,"column":23}},"2":{"start":{"line":2,"column":0},"end":{"line":2,"column":27}},"3":{"start":{"line":3,"column":0},"end":{"line":3,"column":55}},"4":{"start":{"line":5,"column":0},"end":{"line":7,"column":1}},"5":{"start":{"line":6,"column":2},"end":{"line":6,"column":66}},"6":{"start":{"line":9,"column":0},"end":{"line":21,"column":1}},"7":{"start":{"line":10,"column":2},"end":{"line":19,"column":3}},"8":{"start":{"line":11,"column":4},"end":{"line":18,"column":5}},"9":{"start":{"line":12,"column":6},"end":{"line":17,"column":7}},"10":{"start":{"line":13,"column":8},"end":{"line":13,"column":63}},"11":{"start":{"line":13,"column":26},"end":{"line":13,"column":63}},"12":{"start":{"line":14,"column":8},"end":{"line":14,"column":44}},"13":{"start":{"line":16,"column":8},"end":{"line":16,"column":54}},"14":{"start":{"line":20,"column":2},"end":{"line":20,"column":16}},"15"
[...]
aining nested suites","     * and/or tests.","     */","","    context.Feature = function (title, opts) {","      if (suites.length > 1) {","        suites.shift();","      }","      if (!opts) opts = {};","      var suite = Suite.create(suites[0], title);","      suite.timeout(0);","","      if (opts.retries) suite.retries(opts.retries);","      if (opts.timeout) suite.timeout(opts.timeout);","","      suite.file = file;","      suites.unshift(suite);","      suite.beforeEach('codeceptjs.before', scenario.setup);","      suite.afterEach('finialize codeceptjs', scenario.teardown);","","      suite.beforeAll('codeceptjs.beforeSuite', scenario.suiteSetup);","      suite.afterAll('codeceptjs.afterSuite', scenario.suiteTeardown);","","      return suite;","    };","","    context.BeforeSuite = function (fn) {","      suites[0].beforeAll('BeforeSuite', scenario.injected(fn, suites[0]));","    };","","    context.AfterSuite = function (fn) {","      suites[0].afterAll('AfterSuite', scenario.injected(fn, suites[0]));","    };","","    context.Background = context.Before = function (fn) {","      suites[0].beforeEach('Before', scenario.injected(fn, suites[0]));","    };","","    context.After = function (fn) {","      suites[0].afterEach('After', scenario.injected(fn, suites[0]));","    };","","    /**","     * Describe a specification or test-case","     * with the given `title` and callback `fn`","     * acting as a thunk.","     */","    context.Scenario = function (title, opts, fn) {","      if (typeof opts === 'function' && !fn) {","        fn = opts;","        opts = {};","      }","","      var suite = suites[0];","      if (suite.pending) {","        fn = null;","      }","      var test = new Test(title, fn);","      test.fullTitle = () => `${suite.title}: ${title}`;","      test.file = file;","      test.async = true;","      test.timeout(0);","","      if (opts.retries) test.retries(opts.retries);","      if (opts.timeout) test.timeout(opts.timeout);","","      suite.addTest(scenario.test(test));","      return test;","    };","","    /**","     * Exclusive test-case.","     */","    context.Scenario.only = function (title, fn) {","      var test = context.Scenario(title, fn);","      var reString = '^' + escapeRe(test.fullTitle()) + '$';","      mocha.grep(new RegExp(reString));","    };","","    /**","     * Pending test case.","     */","    context.xScenario = context.Scenario.skip = function (title) {","      context.Scenario(title, {});","    };","  });","};",""],"l":{"5":1,"6":1,"7":1,"8":1,"9":1,"10":1,"24":1,"25":0,"26":0,"28":0,"29":0,"33":0,"34":0,"36":0,"43":0,"44":0,"45":0,"47":0,"48":0,"49":0,"51":0,"52":0,"54":0,"55":0,"56":0,"57":0,"59":0,"60":0,"62":0,"65":0,"66":0,"69":0,"70":0,"73":0,"74":0,"77":0,"78":0,"86":0,"87":0,"88":0,"89":0,"92":0,"93":0,"94":0,"96":0,"97":0,"98":0,"99":0,"100":0,"102":0,"103":0,"105":0,"106":0,"112":0,"113":0,"114":0,"115":0,"121":0,"122":0}},"/home/travis/build/npmtest/node-npmtest-codeceptjs/node_modules/codeceptjs/lib/listener/exit.js":{"path":"/home/travis/build/npmtest/node-npmtest-codeceptjs/node_modules/codeceptjs/lib/listener/exit.js","s":{"1":1,"2":1,"3":0,"4":0,"5":0,"6":0,"7":0,"8":0,"9":0,"10":0,"11":0,"12":0},"b":{"1":[0,0]},"f":{"1":0,"2":0,"3":0,"4":0},"fnMap":{"1":{"name":"(anonymous_1)","line":5,"loc":{"start":{"line":5,"column":17},"end":{"line":5,"column":29}}},"2":{"name":"(anonymous_2)","line":11,"loc":{"start":{"line":11,"column":41},"end":{"line":11,"column":64}}},"3":{"name":"(anonymous_3)","line":18,"loc":{"start":{"line":18,"column":41},"end":{"line":18,"column":64}}},"4":{"name":"(anonymous_4)","line":24,"loc":{"start":{"line":24,"column":40},"end":{"line":24,"column":52}}}},"statementMap":{"1":{"start":{"line":3,"column":0},"end":{"line":3,"column":34}},"2":{"start":{"line":5,"column":0},"end":{"line":29,"column":2}},"3":{"start":{"line":7,"column":2},"end":{"line":7,"column":21}},"4":{"start":{"line":9,"column":2},"end":{"line":9,"column":23}},"5":{"start":{"line":11,"column":2},"end":{"line":15,"column":5}},"6":{"start":{"line":14,"column":4},"end":{"line":14,"column":46}},"7":{"start":{"line":18,"column":2},"end":{"line":22,"column":5}},"8":{"start":{"line":21,"column":4},"end":{"line":21,"column":85}},"9":{"start":{"line":21,"column":49},"end":{"line":21,"column":83}},"10":{"start":{"line":24,"column":2},"end":{"line":28,"column":5}},"11":{"start":{"line":25,"column":4},"end":{"line":27,"column":5}},"12":{"start":{"line":26,"column":6},"end":{"line":26,"column":27}}},"branchMap":{"1":{"line":25,"type":"if","locations":[{"start":{"line":25,"column":4},"end":{"line":25,"column":4}},{"start":{"line":25,"column":4},"end":{"line":25,"column":4}}]}},"code":["'use strict';","","const event = require('../event');","","module.exports = function () {","","  let failed = false;","","  let failedTests = [];","","  event.dispatcher.on(event.test.failed, function (testOrSuite) {","    // NOTE When an error happens in one of the hooks (BeforeAll/BeforeEach...) the event object","    // is a suite and not a test","    failedTests.push(testOrSuite.fullTitle());","  });","","  // if test was successful after retries","  event.dispatcher.on(event.test.passed, function (testOrSuite) {","    // NOTE When an error happens in one of the hooks (BeforeAll/BeforeEach...) the event object","    // is a suite and not a test","    failedTests = failedTests.filter((failed) => testOrSuite.fullTitle() !== failed);","  });","","  event.dispatcher.on(event.all.result, function () {","    if (failedTests.length) {","      process.exitCode = 1;","    }","  });","};",""],"l":{"3":1,"5":1,"7":0,"9":0,"11":0,"14":0,"18":0,"21":0,"24":0,"25":0,"26":0}},"/home/travis/build/npmtest/node-npmtest-codeceptjs/node_modules/codeceptjs/lib/listener/helpers.js":{"path":"/home/travis/build/npmtest/node-npmtest-codeceptjs/node_modules/codeceptjs/lib/listener/helpers.js","s":{"1":1,"2":1,"3":1,"4":1,"5":1,"6":0,"7":0,"8":0,"9":0,"10":0,"11":0,"12":0,"13":0,"14":0,"15":0,"16":0,"17":0,"18":0,"19":0,"20":0,"21":0,"22":0,"23":0,"24":0,"25":0,"26":0,"27":0,"28":0,"29":0,"30":0,"31":0,"32":0,"33":0,"34":0,"35":0,"36":0,"37":0},"b":{"1":[0,0]},"f":{"1":0,"2":0,"3":0,"4":0,"5":0,"6":0,"7":0,"8":0,"9":0,"10":0},"fnMap":{"1":{"name":"(anonymous_1)","line":11,"loc":{"start":{"line":11,"column":17},"end":{"line":11,"column":29}}},"2":{"name":"(anonymous_2)","line":27,"loc":{"start":{"line":27,"column":40},"end":{"line":27,"column":52}}},"3":{"name":"(anonymous_3)","line":31,"loc":{"start":{"line":31,"column":42},"end":{"line":31,"column":59}}},"4":{"name":"(anonymous_4)","line":35,"loc":{"start":{"line":35,"column":41},"end":{"line":35,"column":58}}},"5":{"name":"(anonymous_5)","line":39,"loc":{"start":{"line":39,"column":42},"end":{"line":39,"column":58}}},"6":{"name":"(anonymous_6)","line":44,"loc":{"start":{"line":44,"column":41},"end":{"line":44,"column":53}}},"7":{"name":"(anonymous_7)","line":48,"loc":{"start":{"line":48,"column":41},"end":{"line":48,"column":57}}},"8":{"name":"(anonymous_8)","line":54,"loc":{"start":{"line":54,"column":40},"end":{"line":54,"column":56}}},"9":{"name":"(anonymous_9)","line":58,"loc":{"start":{"line":58,"column":41},"end":{"line":58,"column":57}}},"10":{"name":"(anonymous_10)","line":62,"loc":{"start":{"line":62,"column":40},"end":{"line":62,"column":56}}}},"statementMap":{"1":{"start":{"line":3,"column":0},"end":{"line":3,"column":34}},"2":{"start":{"line":4,"column":0},"end":{"line":4,"column":42}},"3":{"start":{"line":5,"column":0},"end":{"line":5,"column":40}},"4":{"start":{"line":6,"column":0},"end":{"line":6,"column":41}},"5":{"start":{"line":11,"column":0},"end":{"line":65,"column":2}},"6":{"start":{"line":12,"column":2},"end":{"line":12,"column":36}},"7":{"start":{"line":14,"column":2},"end":{"line":18,"column":4}},"8":{"start":{"line":15,"column":4},"end":{"line":17,"column":7}},"9":{"start":{"line":16,"column":6},"end":{"line":16,"column":32}},"10":{"start":{"line":20,"column":2},"end":{"line":25,"column":4}},"11":{"start":{"line":21,"column":4},"end":{"line":24,"column":7}},"12":{"start":{"line":22,"column":6},"end":{"line":22,"column":38}},"13":{"start":{"line":22,"column":31},"end":{"line":22,"column":38}},"14":{"start":{"line":23,"column":6},"end":{"line":23,"column":84}},"15":{"start":{"line":23,"column":50},"end":{"line":23,"column":75}},"16":{"start":{"line":27,"column":2},"end":{"line":29,"column":5}},"17":{"start":{"line":28,"column":4},"end":{"line":28,"column":28}},"18":{"start":{"line":31,"column":2},"end":{"line":33,"column":5}},"19":{"start":{"line":32,"column":4},"end":{"line":32,"column":52}},"20":{"start":{"line":35,"column":2},"end":{"line":37,"column":5}},"21":{"start":{"line":36,"column":4},"end":{"line":36,"column":51}},"22":{"start":{"line":39,"column":2},"end":{"line":42,"column":5}},"23":{"start":{"line":40,"column":4},"end":{"line":40,"column":34}},"24":{"start":{"line":41,"column":4},"end":{"line":41,"column":36}},"25":{"start":{"line":41,"column":26},"end":{"line":41,"column":34}},"26":{"start":{"line":44,"column":2},"end":{"line":46,"column":5}},"27":{"start":{"line":45,"column":4},"end":{"line":45,"column":35}},"28":{"start":{"line":48,"column":2},"end":{"line":52,"column":5}},"29":{"start":{"line":49,"column":4},"end":{"line":49,"column":47}},"30":{"start":{"line":51,"column":4},"end":{"line":51,"column":36}},"31":{"start":{"line":51,"column":26},"end":{"line":51,"column":34}},"32":{"start":{"line":54,"column":2},"end":{"line":56,"column":5}},"33":{"start":{"line":55,"column":4},"end":{"line":55,"column":44}},"34":{"start":{"line":58,"column":2},"end":{"line":60,"column":5}},"35":{"start":{"line":59,"column":4},"end":{"line":59,"column":45}},"36":{"start":{"line":62,"column":2},"end":{"line":64,"column":5}},"37":{"start":{"line":63,"column":4},"end":{"line":63,"column":44}}},"branchMap":{"1":{"line":22,"type":"if","locations":[{"start":{"line":22,"column":6},"end":{"line":22,"column":6}},{"start":{"line":22,"column":6},"end":{"line":22,"column":6}}]}},"code":["'use strict';","","const event = require('../event');","const container = require('../container');","const recorder = require('../recorder');","const debug = require('../output').debug;","","/**"," * Enable Helpers to listen to test events"," */","module.exports = function () {","  let helpers = container.helpers();","","  const runHelpersHook = (hook, param) => {","    Object.keys(helpers).forEach((key) => {","      helpers[key][hook](param);","    });","  };","","  const runAsyncHelpersHook = (hook, param, force) => {","    Object.keys(helpers).forEach((key) => {","      if (!helpers[key][hook]) return;","      recorder.add(`hook ${key}.${hook}()`, () => helpers[key][hook](param), force);","    });","  };","","  event.dispatcher.on(event.all.before, function () {","    runHelpersHook('_init');","  });","","  event.dispatcher.on(event.suite.before, function (suite) {","    runAsyncHelpersHook('_beforeSuite', null, true);","  });","","  event.dispatcher.on(event.suite.after, function (suite) {","    runAsyncHelpersHook('_afterSuite', null, true);","  });","","  event.dispatcher.on(event.test.started, function (test) {","    runHelpersHook('_test', test);","    recorder.catch((e) => debug(e));","  });","","  event.dispatcher.on(event.test.before, function () {","    runAsyncHelpersHook('_before');","  });","","  event.dispatcher.on(event.test.failed, function (test) {","    runAsyncHelpersHook('_failed', test, true);","    // should not fail test execution, so errors should be catched","    recorder.catch((e) => debug(e));","  });","","  event.dispatcher.on(event.test.after, function (test) {","    runAsyncHelpersHook('_after', {}, true);","  });","","  event.dispatcher.on(event.step.before, function (step) {","    runAsyncHelpersHook('_beforeStep', step);","  });","","  event.dispatcher.on(event.step.after, function (step) {","    runAsyncHelpersHook('_afterStep', step);","  });","};",""],"l":{"3":1,"4":1,"5":1,"6":1,"11":1,"12":0,"14":0,"15":0,"16":0,"20":0,"21":0,"22":0,"23":0,"27":0,"28":0,"31":0,"32":0,"35":0,"36":0,"39":0,"40":0,"41":0,"44":0,"45":0,"48":0,"49":0,"51":0,"54":0,"55":0,"58":0,"59":0,"62":0,"63":0}},"/home/travis/build/npmtest/node-npmtest-codeceptjs/node_modules/codeceptjs/lib/listener/steps.js":{"path":"/home/travis/build/npmtest/node-npmtest-codeceptjs/node_modules/codeceptjs/lib/listener/steps.js","s":{"1":1,"2":1,"3":1,"4":1,"5":0,"6":0,"7":0,"8":0,"9":0,"10":0,"11":0,"12":0,"13":0,"14":0,"15":0,"16":0,"17":0,"18":0,"19":0},"b":{"1":[0,0],"2":[0,0],"3":[0,0],"4":[0,0]},"f":{"1":0,"2":0,"3":0,"4":0,"5":0},"fnMap":{"1":{"name":"(anonymous_1)","line":10,"loc":{"start":{"line":10,"column":17},"end":{"line":10,"column":29}}},"2":{"name":"(anonymous_2)","line":12,"loc":{"start":{"line":12,"column":42},"end":{"line":12,"column":58}}},"3":{"name":"(anonymous_3)","line":17,"loc":{"start":{"line":17,"column":40},"end":{"line":17,"column":52}}},"4":{"name":"(anonymous_4)","line":21,"loc":{"start":{"line":21,"column":41},"end":{"line":21,"column":57}}},"5":{"name":"(anonymous_5)","line":28,"loc":{"start":{"line":28,"column":41},"end":{"line":28,"column":57}}}},"statementMap":{"1":{"start":{"line":2,"column":0},"end":{"line":2,"column":34}},"2":{"start":{"line":4,"column":0},"end":{"line":4,"column":16}},"3":{"start":{"line":5,"column":0},"end":{"line":5,"column":10}},"4":{"start":{"line":10,"column":0},"end":{"line":32,"column":2}},"5":{"start":{"line":12,"column":2},"end":{"line":15,"column":5}},"6":{"start":{"line":13,"column":4},"end":{"line":13,"column":23}},"7":{"start":{"line":14,"column":4},"end":{"line":14,"column":27}},"8":{"start":{"line":17,"column":2},"end":{"line":19,"column":5}},"9":{"start":{"line":18,"column":4},"end":{"line":18,"column":23}},"10":{"start":{"line":21,"column":2},"end":{"line":26,"column":5}},"11":{"start":{"line":22,"column":4},"end":{"line":22,"column":29}},"12":{"start":{"line":22,"column":22},"end":{"line":22,"column":29}},"13":{"start":{"line":24,"column":4},"end":{"line":24,"column":42}},"14":{"start":{"line":24,"column":35},"end":{"line":24,"column":42}},"15":{"start":{"line":25,"column":4},"end":{"line":25,"column":53}},"16":{"start":{"line":28,"column":2},"end":{"line":31,"column":5}},"17":{"start":{"line":29,"column":4},"end":{"line":29,"column":51}},"18":{"start":{"line":29,"column":44},"end":{"line":29,"column":51}},"19":{"start":{"line":30,"column":4},"end":{"line":30,"column":33}}},"branchMap":{"1":{"line":22,"type":"if","locations":[{"start":{"line":22,"column":4},"end":{"line":22,"column":4}},{"start":{"line":22,"column":4},"end":{"line":22,"column":4}}]},"2":{"line":24,"type":"if","locations":[{"start":{"line":24,"column":4},"end":{"line":24,"column":4}},{"start":{"line":24,"column":4},"end":{"line":24,"column":4}}]},"3":{"line":29,"type":"if","locations":[{"start":{"line":29,"column":4},"end":{"line":29,"column":4}},{"start":{"line":29,"column":4},"end":{"line":29,"column":4}}]},"4":{"line":29,"type":"binary-expr","locations":[{"start":{"line":29,"column":8},"end":{"line":29,"column":20}},{"start":{"line":29,"column":24},"end":{"line":29,"column":42}}]}},"code":["'use strict';","const event = require('../event');","","let currentTest;","let steps;","","/**"," * Register steps inside tests"," */","module.exports = function () {","","  event.dispatcher.on(event.test.started, function (test) {","    currentTest = test;","    currentTest.steps = [];","  });","","  event.dispatcher.on(event.test.after, function () {","    currentTest = null;","  });","","  event.dispatcher.on(event.test.failed, function (test) {","    if (!currentTest) return;","    // last step is failing step","    if (!currentTest.steps.length) return;","    currentTest.steps.slice(-1)[0].status = 'failed';","  });","","  event.dispatcher.on(event.step.before, function (step) {","    if (!currentTest || !currentTest.steps) return;","    currentTest.steps.push(step);","  });","};","",""],"l":{"2":1,"4":1,"5":1,"10":1,"12":0,"13":0,"14":0,"17":0,"18":0,"21":0,"22":0,"24":0,"25":0,"28":0,"29":0,"30":0}},"/home/travis/build/npmtest/node-npmtest-codeceptjs/node_modules/codeceptjs/lib/listener/trace.js":{"path":"/home/travis/build/npmtest/node-npmtest-codeceptjs/node_modules/codeceptjs/lib/listener/trace.js","s":{"1":1,"2":1,"3":1,"4":1,"5":1,"6":0,"7":0,"8":0,"9":0,"10":0,"11":0,"12":0,"13":0,"14":0,"15":0,"16":0,"17":0,"18":0,"19":0,"20":0},"b":{"1":[0,0],"2":[0,0],"3":[0,0],"4":[0,0]},"f":{"1":0,"2":0},"fnMap":{"1":{"name":"(anonymous_1)","line":11,"loc":{"start":{"line":11,"column":17},"end":{"line":11,"column":29}}},"2":{"name":"(anonymous_2)","line":13,"loc":{"start":{"line":13,"column":41},"end":{"line":13,"column":62}}}},"statementMap":{"1":{"start":{"line":3,"column":0},"end":{"line":3,"column":36}},"2":{"start":{"line":4,"column":0},"end":{"line":4,"column":34}},"3":{"start":{"line":5,"column":0},"end":{"line":5,"column":56}},"4":{"start":{"line":6,"column":0},"end":{"line":6,"column":44}},"5":{"start":{"line":11,"column":0},"end":{"line":37,"column":2}},"6":{"start":{"line":13,"column":2},"end":{"line":35,"column":5}},"7":{"start":{"line":14,"column":4},"end":{"line":14,"column":26}},"8":{"start":{"line":15,"column":4},"end":{"line":17,"column":5}},"9":{"start":{"line":16,"column":6},"end":{"line":16,"column":40}},"10":{"start":{"line":18,"column":4},"end":{"line":18,"column":27}},"11":{"start":{"line":19,"column":4},"end":{"line":27,"column":5}},"12":{"start":{"line":20,"column":6},"end":{"line":20,"column":29}},"13":{"start":{"line":21,"column":6},"end":{"line":25,"column":9}},"14":{"start":{"line":22,"column":8},"end":{"line":22,"column":55}},"15":{"start":{"line":24,"column":8},"end":{"line":24,"column":37}},"16":{"start":{"line":26,"column":6},"end":{"line":26,"column":57}},"17":{"start":{"line":29,"column":4},"end":{"line":31,"column":5}},"18":{"start":{"line":30,"column":6},"end":{"line":30,"column":21}},"19":{"start":{"line":33,"column":4},"end":{"line":33,"column":32}},"20":{"start":{"line":34,"column":4},"end":{"line":34,"column":19}}},"branchMap":{"1":{"line":15,"type":"if","locations":[{"start":{"line":15,"column":4},"end":{"line":15,"column":4}},{"start":{"line":15,"column":4},"end":{"line":15,"column":4}}]},"2":{"line":19,"type":"if","locations":[{"start":{"line":19,"column":4},"end":{"line":19,"column":4}},{"start":{"line":19,"column":4},"end":{"line":19,"column":4}}]},"3":{"line":19,"type":"binary-expr","locations":[{"start":{"line":19,"column":8},"end":{"line":19,"column":13}},{"start":{"line":19,"column":17},"end":{"line":19,"column":29}}]},"4":{"line":29,"type":"if","locations":[{"start":{"line":29,"column":4},"end":{"line":29,"column":4}},{"start":{"line":29,"column":4},"end":{"line":29,"column":4}}]}},"code":["'use strict';","","const output = require('../output');","const event = require('../event');","const AssertionFailedError = require('../assert/error');","const ucfirst = require('../utils').ucfirst;","","/**"," * Register stack trace for scenarios"," */","module.exports = function () {","","  event.dispatcher.on(event.test.failed, function (test, err) {","    let msg = err.message;","    if (err instanceof AssertionFailedError) {","      msg = err.message = err.inspect();","    }","    let steps = test.steps;","    if (steps && steps.length) {","      let scenarioTrace = \"\";","      steps.reverse().forEach((step, i) => {","        let line = `- ${step.toCode()} ${step.line()}`;","        // if (step.status === 'failed') line = '' + line;","        scenarioTrace += \"\\n\" + line;","      });","      msg += `\\n\\nScenario Steps:\\n${scenarioTrace}\\n\\n`;","    }","","    if (output.level() < 3) {","      err.stack = ''; // hide internal error stack trace in non-verbose mode","    }","","    err.stack = msg + err.stack;","    test.err = err;","  });","","};","",""],"l":{"3":1,"4":1,"5":1,"6":1,"11":1,"13":0,"14":0,"15":0,"16":0,"18":0,"19":0,"20":0,"21":0,"22":0,"24":0,"26":0,"29":0,"30":0,"33":0,"34":0}}}